/home/dsh/Documents/work_logs/2_5二维码定位接收/code/webots_epuck_ws/install/webots_epuck/lib/python3.10/site-packages/webots_epuck/__init__.py
/home/dsh/Documents/work_logs/2_5二维码定位接收/code/webots_epuck_ws/install/webots_epuck/lib/python3.10/site-packages/webots_epuck/drive_calibrator.py
/home/dsh/Documents/work_logs/2_5二维码定位接收/code/webots_epuck_ws/install/webots_epuck/lib/python3.10/site-packages/webots_epuck/epuck_controller.py
/home/dsh/Documents/work_logs/2_5二维码定位接收/code/webots_epuck_ws/install/webots_epuck/lib/python3.10/site-packages/webots_epuck/simple_mapper.py
/home/dsh/Documents/work_logs/2_5二维码定位接收/code/webots_epuck_ws/install/webots_epuck/lib/python3.10/site-packages/webots_epuck/epuck_node.py
/home/dsh/Documents/work_logs/2_5二维码定位接收/code/webots_epuck_ws/install/webots_epuck/lib/python3.10/site-packages/webots_epuck/__pycache__/__init__.cpython-310.pyc
/home/dsh/Documents/work_logs/2_5二维码定位接收/code/webots_epuck_ws/install/webots_epuck/lib/python3.10/site-packages/webots_epuck/__pycache__/drive_calibrator.cpython-310.pyc
/home/dsh/Documents/work_logs/2_5二维码定位接收/code/webots_epuck_ws/install/webots_epuck/lib/python3.10/site-packages/webots_epuck/__pycache__/epuck_controller.cpython-310.pyc
/home/dsh/Documents/work_logs/2_5二维码定位接收/code/webots_epuck_ws/install/webots_epuck/lib/python3.10/site-packages/webots_epuck/__pycache__/simple_mapper.cpython-310.pyc
/home/dsh/Documents/work_logs/2_5二维码定位接收/code/webots_epuck_ws/install/webots_epuck/lib/python3.10/site-packages/webots_epuck/__pycache__/epuck_node.cpython-310.pyc
/home/dsh/Documents/work_logs/2_5二维码定位接收/code/webots_epuck_ws/install/webots_epuck/share/ament_index/resource_index/packages/webots_epuck
/home/dsh/Documents/work_logs/2_5二维码定位接收/code/webots_epuck_ws/install/webots_epuck/share/webots_epuck/launch/my_launch.py
/home/dsh/Documents/work_logs/2_5二维码定位接收/code/webots_epuck_ws/install/webots_epuck/share/webots_epuck/launch/robot_tools_launch.py
/home/dsh/Documents/work_logs/2_5二维码定位接收/code/webots_epuck_ws/install/webots_epuck/share/webots_epuck/launch/rats_life_launch.py
/home/dsh/Documents/work_logs/2_5二维码定位接收/code/webots_epuck_ws/install/webots_epuck/share/webots_epuck/launch/rats_life_waypoints_launch.py
/home/dsh/Documents/work_logs/2_5二维码定位接收/code/webots_epuck_ws/install/webots_epuck/share/webots_epuck/worlds/epuck_world.wbt
/home/dsh/Documents/work_logs/2_5二维码定位接收/code/webots_epuck_ws/install/webots_epuck/share/webots_epuck/worlds/.epuck_world.wbproj
/home/dsh/Documents/work_logs/2_5二维码定位接收/code/webots_epuck_ws/install/webots_epuck/share/webots_epuck/worlds/rats_life_benchmark.wbt
/home/dsh/Documents/work_logs/2_5二维码定位接收/code/webots_epuck_ws/install/webots_epuck/share/webots_epuck/worlds/.rats_life_benchmark.wbproj
/home/dsh/Documents/work_logs/2_5二维码定位接收/code/webots_epuck_ws/install/webots_epuck/share/webots_epuck/protos/LegoTallInterval.proto
/home/dsh/Documents/work_logs/2_5二维码定位接收/code/webots_epuck_ws/install/webots_epuck/share/webots_epuck/protos/LegoTallWall.proto
/home/dsh/Documents/work_logs/2_5二维码定位接收/code/webots_epuck_ws/install/webots_epuck/share/webots_epuck/resource/all.rviz
/home/dsh/Documents/work_logs/2_5二维码定位接收/code/webots_epuck_ws/install/webots_epuck/share/webots_epuck/resource/nav2_params.yaml
/home/dsh/Documents/work_logs/2_5二维码定位接收/code/webots_epuck_ws/install/webots_epuck/share/webots_epuck/resource/nav2_params_iron.yaml
/home/dsh/Documents/work_logs/2_5二维码定位接收/code/webots_epuck_ws/install/webots_epuck/share/webots_epuck/resource/map_rats_life.pgm
/home/dsh/Documents/work_logs/2_5二维码定位接收/code/webots_epuck_ws/install/webots_epuck/share/webots_epuck/resource/map_rats_life.yaml
/home/dsh/Documents/work_logs/2_5二维码定位接收/code/webots_epuck_ws/install/webots_epuck/share/webots_epuck/resource/nav2_rats_life_waypoints.yaml
/home/dsh/Documents/work_logs/2_5二维码定位接收/code/webots_epuck_ws/install/webots_epuck/share/webots_epuck/resource/epuck_world_map.pgm
/home/dsh/Documents/work_logs/2_5二维码定位接收/code/webots_epuck_ws/install/webots_epuck/share/webots_epuck/resource/epuck_world_map.yaml
/home/dsh/Documents/work_logs/2_5二维码定位接收/code/webots_epuck_ws/install/webots_epuck/share/webots_epuck/resource/epuck_webots.urdf
/home/dsh/Documents/work_logs/2_5二维码定位接收/code/webots_epuck_ws/install/webots_epuck/share/webots_epuck/resource/ros2_control.yml
/home/dsh/Documents/work_logs/2_5二维码定位接收/code/webots_epuck_ws/install/webots_epuck/share/webots_epuck/package.xml
/home/dsh/Documents/work_logs/2_5二维码定位接收/code/webots_epuck_ws/install/webots_epuck/lib/python3.10/site-packages/webots_epuck-2023.1.3-py3.10.egg-info/zip-safe
/home/dsh/Documents/work_logs/2_5二维码定位接收/code/webots_epuck_ws/install/webots_epuck/lib/python3.10/site-packages/webots_epuck-2023.1.3-py3.10.egg-info/SOURCES.txt
/home/dsh/Documents/work_logs/2_5二维码定位接收/code/webots_epuck_ws/install/webots_epuck/lib/python3.10/site-packages/webots_epuck-2023.1.3-py3.10.egg-info/PKG-INFO
/home/dsh/Documents/work_logs/2_5二维码定位接收/code/webots_epuck_ws/install/webots_epuck/lib/python3.10/site-packages/webots_epuck-2023.1.3-py3.10.egg-info/requires.txt
/home/dsh/Documents/work_logs/2_5二维码定位接收/code/webots_epuck_ws/install/webots_epuck/lib/python3.10/site-packages/webots_epuck-2023.1.3-py3.10.egg-info/top_level.txt
/home/dsh/Documents/work_logs/2_5二维码定位接收/code/webots_epuck_ws/install/webots_epuck/lib/python3.10/site-packages/webots_epuck-2023.1.3-py3.10.egg-info/dependency_links.txt
/home/dsh/Documents/work_logs/2_5二维码定位接收/code/webots_epuck_ws/install/webots_epuck/lib/python3.10/site-packages/webots_epuck-2023.1.3-py3.10.egg-info/entry_points.txt
/home/dsh/Documents/work_logs/2_5二维码定位接收/code/webots_epuck_ws/install/webots_epuck/lib/webots_epuck/drive_calibrator
/home/dsh/Documents/work_logs/2_5二维码定位接收/code/webots_epuck_ws/install/webots_epuck/lib/webots_epuck/epuck_node
/home/dsh/Documents/work_logs/2_5二维码定位接收/code/webots_epuck_ws/install/webots_epuck/lib/webots_epuck/simple_mapper
