[0.385s] Invoking command in '/home/dsh/Documents/work_logs/2_5二维码定位接收/code/ros2_publishers_ws/src/webots_demo': PYTHONPATH=/home/dsh/Documents/work_logs/2_5二维码定位接收/code/ros2_publishers_ws/build/webots_demo/prefix_override:/usr/lib/python3/dist-packages/colcon_core/task/python/colcon_distutils_commands:/home/dsh/Documents/work_logs/2_5二维码定位接收/code/ros2_publishers_ws/install/webots_demo/lib/python3.10/site-packages:${PYTHONPATH} /usr/bin/python3 -W ignore:setup.py install is deprecated -W ignore:easy_install command is deprecated setup.py egg_info --egg-base ../../build/webots_demo build --build-base /home/dsh/Documents/work_logs/2_5二维码定位接收/code/ros2_publishers_ws/build/webots_demo/build install --record /home/dsh/Documents/work_logs/2_5二维码定位接收/code/ros2_publishers_ws/build/webots_demo/install.log --single-version-externally-managed install_data
[0.538s] running egg_info
[0.539s] writing ../../build/webots_demo/webots_demo.egg-info/PKG-INFO
[0.539s] writing dependency_links to ../../build/webots_demo/webots_demo.egg-info/dependency_links.txt
[0.539s] writing entry points to ../../build/webots_demo/webots_demo.egg-info/entry_points.txt
[0.539s] writing requirements to ../../build/webots_demo/webots_demo.egg-info/requires.txt
[0.539s] writing top-level names to ../../build/webots_demo/webots_demo.egg-info/top_level.txt
[0.540s] reading manifest file '../../build/webots_demo/webots_demo.egg-info/SOURCES.txt'
[0.541s] writing manifest file '../../build/webots_demo/webots_demo.egg-info/SOURCES.txt'
[0.541s] running build
[0.541s] running build_py
[0.541s] copying webots_demo/epuck_control_node.py -> /home/dsh/Documents/work_logs/2_5二维码定位接收/code/ros2_publishers_ws/build/webots_demo/build/lib/webots_demo
[0.541s] copying webots_demo/random_walk.py -> /home/dsh/Documents/work_logs/2_5二维码定位接收/code/ros2_publishers_ws/build/webots_demo/build/lib/webots_demo
[0.541s] running install
[0.541s] running install_lib
[0.542s] copying /home/dsh/Documents/work_logs/2_5二维码定位接收/code/ros2_publishers_ws/build/webots_demo/build/lib/webots_demo/epuck_control_node.py -> /home/dsh/Documents/work_logs/2_5二维码定位接收/code/ros2_publishers_ws/install/webots_demo/lib/python3.10/site-packages/webots_demo
[0.542s] copying /home/dsh/Documents/work_logs/2_5二维码定位接收/code/ros2_publishers_ws/build/webots_demo/build/lib/webots_demo/random_walk.py -> /home/dsh/Documents/work_logs/2_5二维码定位接收/code/ros2_publishers_ws/install/webots_demo/lib/python3.10/site-packages/webots_demo
[0.542s] byte-compiling /home/dsh/Documents/work_logs/2_5二维码定位接收/code/ros2_publishers_ws/install/webots_demo/lib/python3.10/site-packages/webots_demo/epuck_control_node.py to epuck_control_node.cpython-310.pyc
[0.543s] byte-compiling /home/dsh/Documents/work_logs/2_5二维码定位接收/code/ros2_publishers_ws/install/webots_demo/lib/python3.10/site-packages/webots_demo/random_walk.py to random_walk.cpython-310.pyc
[0.543s] running install_data
[0.543s] running install_egg_info
[0.544s] removing '/home/dsh/Documents/work_logs/2_5二维码定位接收/code/ros2_publishers_ws/install/webots_demo/lib/python3.10/site-packages/webots_demo-0.0.0-py3.10.egg-info' (and everything under it)
[0.544s] Copying ../../build/webots_demo/webots_demo.egg-info to /home/dsh/Documents/work_logs/2_5二维码定位接收/code/ros2_publishers_ws/install/webots_demo/lib/python3.10/site-packages/webots_demo-0.0.0-py3.10.egg-info
[0.545s] running install_scripts
[0.558s] Installing camera_xyz script to /home/dsh/Documents/work_logs/2_5二维码定位接收/code/ros2_publishers_ws/install/webots_demo/lib/webots_demo
[0.559s] Installing camera_xyz2 script to /home/dsh/Documents/work_logs/2_5二维码定位接收/code/ros2_publishers_ws/install/webots_demo/lib/webots_demo
[0.559s] Installing epuck_scan script to /home/dsh/Documents/work_logs/2_5二维码定位接收/code/ros2_publishers_ws/install/webots_demo/lib/webots_demo
[0.559s] Installing identify_qr_code script to /home/dsh/Documents/work_logs/2_5二维码定位接收/code/ros2_publishers_ws/install/webots_demo/lib/webots_demo
[0.559s] Installing random_walk script to /home/dsh/Documents/work_logs/2_5二维码定位接收/code/ros2_publishers_ws/install/webots_demo/lib/webots_demo
[0.559s] writing list of installed files to '/home/dsh/Documents/work_logs/2_5二维码定位接收/code/ros2_publishers_ws/build/webots_demo/install.log'
[0.575s] Invoked command in '/home/dsh/Documents/work_logs/2_5二维码定位接收/code/ros2_publishers_ws/src/webots_demo' returned '0': PYTHONPATH=/home/dsh/Documents/work_logs/2_5二维码定位接收/code/ros2_publishers_ws/build/webots_demo/prefix_override:/usr/lib/python3/dist-packages/colcon_core/task/python/colcon_distutils_commands:/home/dsh/Documents/work_logs/2_5二维码定位接收/code/ros2_publishers_ws/install/webots_demo/lib/python3.10/site-packages:${PYTHONPATH} /usr/bin/python3 -W ignore:setup.py install is deprecated -W ignore:easy_install command is deprecated setup.py egg_info --egg-base ../../build/webots_demo build --build-base /home/dsh/Documents/work_logs/2_5二维码定位接收/code/ros2_publishers_ws/build/webots_demo/build install --record /home/dsh/Documents/work_logs/2_5二维码定位接收/code/ros2_publishers_ws/build/webots_demo/install.log --single-version-externally-managed install_data
