[0.377s] Invoking command in '/home/dsh/Documents/work_logs/code/AIIMU_ros2/webots_epuck_ws/src/webots_epuck': PYTHONPATH=/home/dsh/Documents/work_logs/code/AIIMU_ros2/webots_epuck_ws/build/webots_epuck/prefix_override:/usr/lib/python3/dist-packages/colcon_core/task/python/colcon_distutils_commands:/home/dsh/Documents/work_logs/code/AIIMU_ros2/webots_epuck_ws/install/webots_epuck/lib/python3.10/site-packages:${PYTHONPATH} /usr/bin/python3 -W ignore:setup.py install is deprecated -W ignore:easy_install command is deprecated setup.py egg_info --egg-base ../../build/webots_epuck build --build-base /home/dsh/Documents/work_logs/code/AIIMU_ros2/webots_epuck_ws/build/webots_epuck/build install --record /home/dsh/Documents/work_logs/code/AIIMU_ros2/webots_epuck_ws/build/webots_epuck/install.log --single-version-externally-managed install_data
[0.522s] running egg_info
[0.523s] writing ../../build/webots_epuck/webots_epuck.egg-info/PKG-INFO
[0.523s] writing dependency_links to ../../build/webots_epuck/webots_epuck.egg-info/dependency_links.txt
[0.523s] writing entry points to ../../build/webots_epuck/webots_epuck.egg-info/entry_points.txt
[0.523s] writing requirements to ../../build/webots_epuck/webots_epuck.egg-info/requires.txt
[0.523s] writing top-level names to ../../build/webots_epuck/webots_epuck.egg-info/top_level.txt
[0.525s] reading manifest file '../../build/webots_epuck/webots_epuck.egg-info/SOURCES.txt'
[0.525s] writing manifest file '../../build/webots_epuck/webots_epuck.egg-info/SOURCES.txt'
[0.525s] running build
[0.525s] running build_py
[0.526s] running install
[0.526s] running install_lib
[0.526s] running install_data
[0.527s] copying launch/rats_life_waypoints_launch.py -> /home/dsh/Documents/work_logs/code/AIIMU_ros2/webots_epuck_ws/install/webots_epuck/share/webots_epuck/launch
[0.527s] running install_egg_info
[0.528s] removing '/home/dsh/Documents/work_logs/code/AIIMU_ros2/webots_epuck_ws/install/webots_epuck/lib/python3.10/site-packages/webots_epuck-2023.1.3-py3.10.egg-info' (and everything under it)
[0.528s] Copying ../../build/webots_epuck/webots_epuck.egg-info to /home/dsh/Documents/work_logs/code/AIIMU_ros2/webots_epuck_ws/install/webots_epuck/lib/python3.10/site-packages/webots_epuck-2023.1.3-py3.10.egg-info
[0.529s] running install_scripts
[0.542s] Installing drive_calibrator script to /home/dsh/Documents/work_logs/code/AIIMU_ros2/webots_epuck_ws/install/webots_epuck/lib/webots_epuck
[0.542s] Installing epuck_node script to /home/dsh/Documents/work_logs/code/AIIMU_ros2/webots_epuck_ws/install/webots_epuck/lib/webots_epuck
[0.542s] Installing simple_mapper script to /home/dsh/Documents/work_logs/code/AIIMU_ros2/webots_epuck_ws/install/webots_epuck/lib/webots_epuck
[0.542s] writing list of installed files to '/home/dsh/Documents/work_logs/code/AIIMU_ros2/webots_epuck_ws/build/webots_epuck/install.log'
[0.556s] Invoked command in '/home/dsh/Documents/work_logs/code/AIIMU_ros2/webots_epuck_ws/src/webots_epuck' returned '0': PYTHONPATH=/home/dsh/Documents/work_logs/code/AIIMU_ros2/webots_epuck_ws/build/webots_epuck/prefix_override:/usr/lib/python3/dist-packages/colcon_core/task/python/colcon_distutils_commands:/home/dsh/Documents/work_logs/code/AIIMU_ros2/webots_epuck_ws/install/webots_epuck/lib/python3.10/site-packages:${PYTHONPATH} /usr/bin/python3 -W ignore:setup.py install is deprecated -W ignore:easy_install command is deprecated setup.py egg_info --egg-base ../../build/webots_epuck build --build-base /home/dsh/Documents/work_logs/code/AIIMU_ros2/webots_epuck_ws/build/webots_epuck/build install --record /home/dsh/Documents/work_logs/code/AIIMU_ros2/webots_epuck_ws/build/webots_epuck/install.log --single-version-externally-managed install_data
