/home/ljl/Documents/工作目录/2_1虚拟环境拍照/code/ros2_publishers_ws/install/webots_demo/lib/python3.10/site-packages/webots_demo/photo.py
/home/ljl/Documents/工作目录/2_1虚拟环境拍照/code/ros2_publishers_ws/install/webots_demo/lib/python3.10/site-packages/webots_demo/camera_xyz.py
/home/ljl/Documents/工作目录/2_1虚拟环境拍照/code/ros2_publishers_ws/install/webots_demo/lib/python3.10/site-packages/webots_demo/camera_xyz2.py
/home/ljl/Documents/工作目录/2_1虚拟环境拍照/code/ros2_publishers_ws/install/webots_demo/lib/python3.10/site-packages/webots_demo/__init__.py
/home/ljl/Documents/工作目录/2_1虚拟环境拍照/code/ros2_publishers_ws/install/webots_demo/lib/python3.10/site-packages/webots_demo/random_walk.py
/home/ljl/Documents/工作目录/2_1虚拟环境拍照/code/ros2_publishers_ws/install/webots_demo/lib/python3.10/site-packages/webots_demo/__pycache__/photo.cpython-310.pyc
/home/ljl/Documents/工作目录/2_1虚拟环境拍照/code/ros2_publishers_ws/install/webots_demo/lib/python3.10/site-packages/webots_demo/__pycache__/camera_xyz.cpython-310.pyc
/home/ljl/Documents/工作目录/2_1虚拟环境拍照/code/ros2_publishers_ws/install/webots_demo/lib/python3.10/site-packages/webots_demo/__pycache__/camera_xyz2.cpython-310.pyc
/home/ljl/Documents/工作目录/2_1虚拟环境拍照/code/ros2_publishers_ws/install/webots_demo/lib/python3.10/site-packages/webots_demo/__pycache__/__init__.cpython-310.pyc
/home/ljl/Documents/工作目录/2_1虚拟环境拍照/code/ros2_publishers_ws/install/webots_demo/lib/python3.10/site-packages/webots_demo/__pycache__/random_walk.cpython-310.pyc
/home/ljl/Documents/工作目录/2_1虚拟环境拍照/code/ros2_publishers_ws/install/webots_demo/share/webots_demo/package.xml
/home/ljl/Documents/工作目录/2_1虚拟环境拍照/code/ros2_publishers_ws/install/webots_demo/share/ament_index/resource_index/packages/webots_demo
/home/ljl/Documents/工作目录/2_1虚拟环境拍照/code/ros2_publishers_ws/install/webots_demo/lib/python3.10/site-packages/webots_demo-0.0.0-py3.10.egg-info/PKG-INFO
/home/ljl/Documents/工作目录/2_1虚拟环境拍照/code/ros2_publishers_ws/install/webots_demo/lib/python3.10/site-packages/webots_demo-0.0.0-py3.10.egg-info/top_level.txt
/home/ljl/Documents/工作目录/2_1虚拟环境拍照/code/ros2_publishers_ws/install/webots_demo/lib/python3.10/site-packages/webots_demo-0.0.0-py3.10.egg-info/requires.txt
/home/ljl/Documents/工作目录/2_1虚拟环境拍照/code/ros2_publishers_ws/install/webots_demo/lib/python3.10/site-packages/webots_demo-0.0.0-py3.10.egg-info/zip-safe
/home/ljl/Documents/工作目录/2_1虚拟环境拍照/code/ros2_publishers_ws/install/webots_demo/lib/python3.10/site-packages/webots_demo-0.0.0-py3.10.egg-info/dependency_links.txt
/home/ljl/Documents/工作目录/2_1虚拟环境拍照/code/ros2_publishers_ws/install/webots_demo/lib/python3.10/site-packages/webots_demo-0.0.0-py3.10.egg-info/SOURCES.txt
/home/ljl/Documents/工作目录/2_1虚拟环境拍照/code/ros2_publishers_ws/install/webots_demo/lib/python3.10/site-packages/webots_demo-0.0.0-py3.10.egg-info/entry_points.txt
/home/ljl/Documents/工作目录/2_1虚拟环境拍照/code/ros2_publishers_ws/install/webots_demo/lib/webots_demo/camera_xyz
/home/ljl/Documents/工作目录/2_1虚拟环境拍照/code/ros2_publishers_ws/install/webots_demo/lib/webots_demo/camera_xyz2
/home/ljl/Documents/工作目录/2_1虚拟环境拍照/code/ros2_publishers_ws/install/webots_demo/lib/webots_demo/epuck_scan
/home/ljl/Documents/工作目录/2_1虚拟环境拍照/code/ros2_publishers_ws/install/webots_demo/lib/webots_demo/photo
/home/ljl/Documents/工作目录/2_1虚拟环境拍照/code/ros2_publishers_ws/install/webots_demo/lib/webots_demo/random_walk
