running egg_info
writing ../../build/webots_epuck/webots_epuck.egg-info/PKG-INFO
writing dependency_links to ../../build/webots_epuck/webots_epuck.egg-info/dependency_links.txt
writing entry points to ../../build/webots_epuck/webots_epuck.egg-info/entry_points.txt
writing requirements to ../../build/webots_epuck/webots_epuck.egg-info/requires.txt
writing top-level names to ../../build/webots_epuck/webots_epuck.egg-info/top_level.txt
reading manifest file '../../build/webots_epuck/webots_epuck.egg-info/SOURCES.txt'
writing manifest file '../../build/webots_epuck/webots_epuck.egg-info/SOURCES.txt'
running build
running build_py
running install
running install_lib
running install_data
running install_egg_info
removing '/home/dsh/Documents/work_logs/2_5二维码定位接收/code/webots_epuck_ws/install/webots_epuck/lib/python3.10/site-packages/webots_epuck-2023.1.3-py3.10.egg-info' (and everything under it)
Copying ../../build/webots_epuck/webots_epuck.egg-info to /home/dsh/Documents/work_logs/2_5二维码定位接收/code/webots_epuck_ws/install/webots_epuck/lib/python3.10/site-packages/webots_epuck-2023.1.3-py3.10.egg-info
running install_scripts
Installing drive_calibrator script to /home/dsh/Documents/work_logs/2_5二维码定位接收/code/webots_epuck_ws/install/webots_epuck/lib/webots_epuck
Installing epuck_node script to /home/dsh/Documents/work_logs/2_5二维码定位接收/code/webots_epuck_ws/install/webots_epuck/lib/webots_epuck
Installing simple_mapper script to /home/dsh/Documents/work_logs/2_5二维码定位接收/code/webots_epuck_ws/install/webots_epuck/lib/webots_epuck
writing list of installed files to '/home/dsh/Documents/work_logs/2_5二维码定位接收/code/webots_epuck_ws/build/webots_epuck/install.log'
