[0.464s] Invoking command in '/home/dsh/Documents/work_logs/code/AIIMU_ros2/ros2_publishers_ws/src/webots_demo': PYTHONPATH=/home/dsh/Documents/work_logs/code/AIIMU_ros2/ros2_publishers_ws/build/webots_demo/prefix_override:/usr/lib/python3/dist-packages/colcon_core/task/python/colcon_distutils_commands:/home/dsh/Documents/work_logs/code/AIIMU_ros2/ros2_publishers_ws/install/webots_demo/lib/python3.10/site-packages:${PYTHONPATH} /usr/bin/python3 -W ignore:setup.py install is deprecated -W ignore:easy_install command is deprecated setup.py egg_info --egg-base ../../build/webots_demo build --build-base /home/dsh/Documents/work_logs/code/AIIMU_ros2/ros2_publishers_ws/build/webots_demo/build install --record /home/dsh/Documents/work_logs/code/AIIMU_ros2/ros2_publishers_ws/build/webots_demo/install.log --single-version-externally-managed install_data
[0.609s] running egg_info
[0.609s] creating ../../build/webots_demo/webots_demo.egg-info
[0.609s] writing ../../build/webots_demo/webots_demo.egg-info/PKG-INFO
[0.609s] writing dependency_links to ../../build/webots_demo/webots_demo.egg-info/dependency_links.txt
[0.609s] writing entry points to ../../build/webots_demo/webots_demo.egg-info/entry_points.txt
[0.609s] writing requirements to ../../build/webots_demo/webots_demo.egg-info/requires.txt
[0.609s] writing top-level names to ../../build/webots_demo/webots_demo.egg-info/top_level.txt
[0.609s] writing manifest file '../../build/webots_demo/webots_demo.egg-info/SOURCES.txt'
[0.610s] reading manifest file '../../build/webots_demo/webots_demo.egg-info/SOURCES.txt'
[0.611s] writing manifest file '../../build/webots_demo/webots_demo.egg-info/SOURCES.txt'
[0.611s] running build
[0.611s] running build_py
[0.611s] creating /home/dsh/Documents/work_logs/code/AIIMU_ros2/ros2_publishers_ws/build/webots_demo/build
[0.611s] creating /home/dsh/Documents/work_logs/code/AIIMU_ros2/ros2_publishers_ws/build/webots_demo/build/lib
[0.611s] creating /home/dsh/Documents/work_logs/code/AIIMU_ros2/ros2_publishers_ws/build/webots_demo/build/lib/webots_demo
[0.611s] copying webots_demo/camera_xyz2.py -> /home/dsh/Documents/work_logs/code/AIIMU_ros2/ros2_publishers_ws/build/webots_demo/build/lib/webots_demo
[0.611s] copying webots_demo/__init__.py -> /home/dsh/Documents/work_logs/code/AIIMU_ros2/ros2_publishers_ws/build/webots_demo/build/lib/webots_demo
[0.611s] copying webots_demo/photo.py -> /home/dsh/Documents/work_logs/code/AIIMU_ros2/ros2_publishers_ws/build/webots_demo/build/lib/webots_demo
[0.611s] copying webots_demo/random_walk.py -> /home/dsh/Documents/work_logs/code/AIIMU_ros2/ros2_publishers_ws/build/webots_demo/build/lib/webots_demo
[0.611s] copying webots_demo/camera_xyz.py -> /home/dsh/Documents/work_logs/code/AIIMU_ros2/ros2_publishers_ws/build/webots_demo/build/lib/webots_demo
[0.611s] copying webots_demo/location_path_rviz.py -> /home/dsh/Documents/work_logs/code/AIIMU_ros2/ros2_publishers_ws/build/webots_demo/build/lib/webots_demo
[0.611s] running install
[0.611s] running install_lib
[0.612s] creating /home/dsh/Documents/work_logs/code/AIIMU_ros2/ros2_publishers_ws/install/webots_demo/lib/python3.10/site-packages/webots_demo
[0.612s] copying /home/dsh/Documents/work_logs/code/AIIMU_ros2/ros2_publishers_ws/build/webots_demo/build/lib/webots_demo/camera_xyz2.py -> /home/dsh/Documents/work_logs/code/AIIMU_ros2/ros2_publishers_ws/install/webots_demo/lib/python3.10/site-packages/webots_demo
[0.612s] copying /home/dsh/Documents/work_logs/code/AIIMU_ros2/ros2_publishers_ws/build/webots_demo/build/lib/webots_demo/__init__.py -> /home/dsh/Documents/work_logs/code/AIIMU_ros2/ros2_publishers_ws/install/webots_demo/lib/python3.10/site-packages/webots_demo
[0.612s] copying /home/dsh/Documents/work_logs/code/AIIMU_ros2/ros2_publishers_ws/build/webots_demo/build/lib/webots_demo/photo.py -> /home/dsh/Documents/work_logs/code/AIIMU_ros2/ros2_publishers_ws/install/webots_demo/lib/python3.10/site-packages/webots_demo
[0.612s] copying /home/dsh/Documents/work_logs/code/AIIMU_ros2/ros2_publishers_ws/build/webots_demo/build/lib/webots_demo/random_walk.py -> /home/dsh/Documents/work_logs/code/AIIMU_ros2/ros2_publishers_ws/install/webots_demo/lib/python3.10/site-packages/webots_demo
[0.612s] copying /home/dsh/Documents/work_logs/code/AIIMU_ros2/ros2_publishers_ws/build/webots_demo/build/lib/webots_demo/camera_xyz.py -> /home/dsh/Documents/work_logs/code/AIIMU_ros2/ros2_publishers_ws/install/webots_demo/lib/python3.10/site-packages/webots_demo
[0.612s] copying /home/dsh/Documents/work_logs/code/AIIMU_ros2/ros2_publishers_ws/build/webots_demo/build/lib/webots_demo/location_path_rviz.py -> /home/dsh/Documents/work_logs/code/AIIMU_ros2/ros2_publishers_ws/install/webots_demo/lib/python3.10/site-packages/webots_demo
[0.612s] byte-compiling /home/dsh/Documents/work_logs/code/AIIMU_ros2/ros2_publishers_ws/install/webots_demo/lib/python3.10/site-packages/webots_demo/camera_xyz2.py to camera_xyz2.cpython-310.pyc
[0.613s] byte-compiling /home/dsh/Documents/work_logs/code/AIIMU_ros2/ros2_publishers_ws/install/webots_demo/lib/python3.10/site-packages/webots_demo/__init__.py to __init__.cpython-310.pyc
[0.613s] byte-compiling /home/dsh/Documents/work_logs/code/AIIMU_ros2/ros2_publishers_ws/install/webots_demo/lib/python3.10/site-packages/webots_demo/photo.py to photo.cpython-310.pyc
[0.613s] byte-compiling /home/dsh/Documents/work_logs/code/AIIMU_ros2/ros2_publishers_ws/install/webots_demo/lib/python3.10/site-packages/webots_demo/random_walk.py to random_walk.cpython-310.pyc
[0.614s] byte-compiling /home/dsh/Documents/work_logs/code/AIIMU_ros2/ros2_publishers_ws/install/webots_demo/lib/python3.10/site-packages/webots_demo/camera_xyz.py to camera_xyz.cpython-310.pyc
[0.614s] byte-compiling /home/dsh/Documents/work_logs/code/AIIMU_ros2/ros2_publishers_ws/install/webots_demo/lib/python3.10/site-packages/webots_demo/location_path_rviz.py to location_path_rviz.cpython-310.pyc
[0.614s] running install_data
[0.615s] copying package.xml -> /home/dsh/Documents/work_logs/code/AIIMU_ros2/ros2_publishers_ws/install/webots_demo/share/webots_demo
[0.615s] creating /home/dsh/Documents/work_logs/code/AIIMU_ros2/ros2_publishers_ws/install/webots_demo/share/ament_index
[0.615s] creating /home/dsh/Documents/work_logs/code/AIIMU_ros2/ros2_publishers_ws/install/webots_demo/share/ament_index/resource_index
[0.615s] creating /home/dsh/Documents/work_logs/code/AIIMU_ros2/ros2_publishers_ws/install/webots_demo/share/ament_index/resource_index/packages
[0.615s] copying resource/webots_demo -> /home/dsh/Documents/work_logs/code/AIIMU_ros2/ros2_publishers_ws/install/webots_demo/share/ament_index/resource_index/packages
[0.615s] running install_egg_info
[0.616s] Copying ../../build/webots_demo/webots_demo.egg-info to /home/dsh/Documents/work_logs/code/AIIMU_ros2/ros2_publishers_ws/install/webots_demo/lib/python3.10/site-packages/webots_demo-0.0.0-py3.10.egg-info
[0.616s] running install_scripts
[0.629s] Installing camera_xyz script to /home/dsh/Documents/work_logs/code/AIIMU_ros2/ros2_publishers_ws/install/webots_demo/lib/webots_demo
[0.629s] Installing camera_xyz2 script to /home/dsh/Documents/work_logs/code/AIIMU_ros2/ros2_publishers_ws/install/webots_demo/lib/webots_demo
[0.629s] Installing epuck_scan script to /home/dsh/Documents/work_logs/code/AIIMU_ros2/ros2_publishers_ws/install/webots_demo/lib/webots_demo
[0.629s] Installing location_path_rviz script to /home/dsh/Documents/work_logs/code/AIIMU_ros2/ros2_publishers_ws/install/webots_demo/lib/webots_demo
[0.629s] Installing photo script to /home/dsh/Documents/work_logs/code/AIIMU_ros2/ros2_publishers_ws/install/webots_demo/lib/webots_demo
[0.629s] Installing random_walk script to /home/dsh/Documents/work_logs/code/AIIMU_ros2/ros2_publishers_ws/install/webots_demo/lib/webots_demo
[0.629s] writing list of installed files to '/home/dsh/Documents/work_logs/code/AIIMU_ros2/ros2_publishers_ws/build/webots_demo/install.log'
[0.643s] Invoked command in '/home/dsh/Documents/work_logs/code/AIIMU_ros2/ros2_publishers_ws/src/webots_demo' returned '0': PYTHONPATH=/home/dsh/Documents/work_logs/code/AIIMU_ros2/ros2_publishers_ws/build/webots_demo/prefix_override:/usr/lib/python3/dist-packages/colcon_core/task/python/colcon_distutils_commands:/home/dsh/Documents/work_logs/code/AIIMU_ros2/ros2_publishers_ws/install/webots_demo/lib/python3.10/site-packages:${PYTHONPATH} /usr/bin/python3 -W ignore:setup.py install is deprecated -W ignore:easy_install command is deprecated setup.py egg_info --egg-base ../../build/webots_demo build --build-base /home/dsh/Documents/work_logs/code/AIIMU_ros2/ros2_publishers_ws/build/webots_demo/build install --record /home/dsh/Documents/work_logs/code/AIIMU_ros2/ros2_publishers_ws/build/webots_demo/install.log --single-version-externally-managed install_data
