[0.011s] Invoking command in '/home/dsh/Documents/work_logs/code/ros2_cpp/launch_ws/build/cpp_launch_example': CMAKE_PREFIX_PATH=/opt/ros/humble /usr/bin/cmake /home/dsh/Documents/work_logs/code/ros2_cpp/launch_ws/src/cpp_launch_example -DCMAKE_INSTALL_PREFIX=/home/dsh/Documents/work_logs/code/ros2_cpp/launch_ws/install/cpp_launch_example
[0.139s] -- The C compiler identification is GNU 11.4.0
[0.216s] -- The CXX compiler identification is GNU 11.4.0
[0.230s] -- Detecting C compiler ABI info
[0.332s] -- Detecting C compiler ABI info - done
[0.343s] -- Check for working C compiler: /usr/bin/cc - skipped
[0.344s] -- Detecting C compile features
[0.344s] -- Detecting C compile features - done
[0.349s] -- Detecting CXX compiler ABI info
[0.478s] -- Detecting CXX compiler ABI info - done
[0.489s] -- Check for working CXX compiler: /usr/bin/c++ - skipped
[0.490s] -- Detecting CXX compile features
[0.490s] -- Detecting CXX compile features - done
[0.494s] -- Found ament_cmake: 1.3.11 (/opt/ros/humble/share/ament_cmake/cmake)
[0.724s] -- Found Python3: /usr/bin/python3 (found version "3.10.12") found components: Interpreter 
[0.830s] -- Found ament_lint_auto: 0.12.11 (/opt/ros/humble/share/ament_lint_auto/cmake)
[0.926s] -- Added test 'lint_cmake' to check CMake code style
[0.927s] -- Added test 'xmllint' to check XML markup files
[0.929s] -- Configuring done
[0.931s] -- Generating done
[0.933s] -- Build files have been written to: /home/dsh/Documents/work_logs/code/ros2_cpp/launch_ws/build/cpp_launch_example
[0.941s] Invoked command in '/home/dsh/Documents/work_logs/code/ros2_cpp/launch_ws/build/cpp_launch_example' returned '0': CMAKE_PREFIX_PATH=/opt/ros/humble /usr/bin/cmake /home/dsh/Documents/work_logs/code/ros2_cpp/launch_ws/src/cpp_launch_example -DCMAKE_INSTALL_PREFIX=/home/dsh/Documents/work_logs/code/ros2_cpp/launch_ws/install/cpp_launch_example
[0.942s] Invoking command in '/home/dsh/Documents/work_logs/code/ros2_cpp/launch_ws/build/cpp_launch_example': CMAKE_PREFIX_PATH=/opt/ros/humble /usr/bin/cmake --build /home/dsh/Documents/work_logs/code/ros2_cpp/launch_ws/build/cpp_launch_example -- -j20 -l20
[1.002s] Invoked command in '/home/dsh/Documents/work_logs/code/ros2_cpp/launch_ws/build/cpp_launch_example' returned '0': CMAKE_PREFIX_PATH=/opt/ros/humble /usr/bin/cmake --build /home/dsh/Documents/work_logs/code/ros2_cpp/launch_ws/build/cpp_launch_example -- -j20 -l20
[1.016s] Invoking command in '/home/dsh/Documents/work_logs/code/ros2_cpp/launch_ws/build/cpp_launch_example': CMAKE_PREFIX_PATH=/opt/ros/humble /usr/bin/cmake --install /home/dsh/Documents/work_logs/code/ros2_cpp/launch_ws/build/cpp_launch_example
[1.029s] -- Install configuration: ""
[1.030s] -- Installing: /home/dsh/Documents/work_logs/code/ros2_cpp/launch_ws/install/cpp_launch_example/share/cpp_launch_example//launch
[1.030s] -- Installing: /home/dsh/Documents/work_logs/code/ros2_cpp/launch_ws/install/cpp_launch_example/share/cpp_launch_example//launch/my_script_launch.xml
[1.030s] -- Installing: /home/dsh/Documents/work_logs/code/ros2_cpp/launch_ws/install/cpp_launch_example/share/ament_index/resource_index/package_run_dependencies/cpp_launch_example
[1.030s] -- Installing: /home/dsh/Documents/work_logs/code/ros2_cpp/launch_ws/install/cpp_launch_example/share/ament_index/resource_index/parent_prefix_path/cpp_launch_example
[1.030s] -- Installing: /home/dsh/Documents/work_logs/code/ros2_cpp/launch_ws/install/cpp_launch_example/share/cpp_launch_example/environment/ament_prefix_path.sh
[1.031s] -- Installing: /home/dsh/Documents/work_logs/code/ros2_cpp/launch_ws/install/cpp_launch_example/share/cpp_launch_example/environment/ament_prefix_path.dsv
[1.031s] -- Installing: /home/dsh/Documents/work_logs/code/ros2_cpp/launch_ws/install/cpp_launch_example/share/cpp_launch_example/environment/path.sh
[1.031s] -- Installing: /home/dsh/Documents/work_logs/code/ros2_cpp/launch_ws/install/cpp_launch_example/share/cpp_launch_example/environment/path.dsv
[1.031s] -- Installing: /home/dsh/Documents/work_logs/code/ros2_cpp/launch_ws/install/cpp_launch_example/share/cpp_launch_example/local_setup.bash
[1.031s] -- Installing: /home/dsh/Documents/work_logs/code/ros2_cpp/launch_ws/install/cpp_launch_example/share/cpp_launch_example/local_setup.sh
[1.031s] -- Installing: /home/dsh/Documents/work_logs/code/ros2_cpp/launch_ws/install/cpp_launch_example/share/cpp_launch_example/local_setup.zsh
[1.031s] -- Installing: /home/dsh/Documents/work_logs/code/ros2_cpp/launch_ws/install/cpp_launch_example/share/cpp_launch_example/local_setup.dsv
[1.031s] -- Installing: /home/dsh/Documents/work_logs/code/ros2_cpp/launch_ws/install/cpp_launch_example/share/cpp_launch_example/package.dsv
[1.031s] -- Installing: /home/dsh/Documents/work_logs/code/ros2_cpp/launch_ws/install/cpp_launch_example/share/ament_index/resource_index/packages/cpp_launch_example
[1.031s] -- Installing: /home/dsh/Documents/work_logs/code/ros2_cpp/launch_ws/install/cpp_launch_example/share/cpp_launch_example/cmake/cpp_launch_exampleConfig.cmake
[1.031s] -- Installing: /home/dsh/Documents/work_logs/code/ros2_cpp/launch_ws/install/cpp_launch_example/share/cpp_launch_example/cmake/cpp_launch_exampleConfig-version.cmake
[1.032s] -- Installing: /home/dsh/Documents/work_logs/code/ros2_cpp/launch_ws/install/cpp_launch_example/share/cpp_launch_example/package.xml
[1.034s] Invoked command in '/home/dsh/Documents/work_logs/code/ros2_cpp/launch_ws/build/cpp_launch_example' returned '0': CMAKE_PREFIX_PATH=/opt/ros/humble /usr/bin/cmake --install /home/dsh/Documents/work_logs/code/ros2_cpp/launch_ws/build/cpp_launch_example
