[0.556s] Invoking command in '/home/ljl/Documents/工作目录/2_1虚拟环境拍照/code/webots_epuck_ws/src/webots_epuck': PYTHONPATH=/home/ljl/Documents/工作目录/2_1虚拟环境拍照/code/webots_epuck_ws/build/webots_epuck/prefix_override:/usr/lib/python3/dist-packages/colcon_core/task/python/colcon_distutils_commands:/home/ljl/Documents/工作目录/2_1虚拟环境拍照/code/webots_epuck_ws/install/webots_epuck/lib/python3.10/site-packages:${PYTHONPATH} /usr/bin/python3 -W ignore:setup.py install is deprecated setup.py egg_info --egg-base ../../build/webots_epuck build --build-base /home/ljl/Documents/工作目录/2_1虚拟环境拍照/code/webots_epuck_ws/build/webots_epuck/build install --record /home/ljl/Documents/工作目录/2_1虚拟环境拍照/code/webots_epuck_ws/build/webots_epuck/install.log --single-version-externally-managed install_data
[0.738s] running egg_info
[0.738s] creating ../../build/webots_epuck/webots_epuck.egg-info
[0.738s] writing ../../build/webots_epuck/webots_epuck.egg-info/PKG-INFO
[0.739s] writing dependency_links to ../../build/webots_epuck/webots_epuck.egg-info/dependency_links.txt
[0.739s] writing entry points to ../../build/webots_epuck/webots_epuck.egg-info/entry_points.txt
[0.739s] writing requirements to ../../build/webots_epuck/webots_epuck.egg-info/requires.txt
[0.739s] writing top-level names to ../../build/webots_epuck/webots_epuck.egg-info/top_level.txt
[0.739s] writing manifest file '../../build/webots_epuck/webots_epuck.egg-info/SOURCES.txt'
[0.741s] reading manifest file '../../build/webots_epuck/webots_epuck.egg-info/SOURCES.txt'
[0.741s] writing manifest file '../../build/webots_epuck/webots_epuck.egg-info/SOURCES.txt'
[0.741s] running build
[0.741s] running build_py
[0.741s] creating /home/ljl/Documents/工作目录/2_1虚拟环境拍照/code/webots_epuck_ws/build/webots_epuck/build
[0.742s] creating /home/ljl/Documents/工作目录/2_1虚拟环境拍照/code/webots_epuck_ws/build/webots_epuck/build/lib
[0.742s] creating /home/ljl/Documents/工作目录/2_1虚拟环境拍照/code/webots_epuck_ws/build/webots_epuck/build/lib/webots_epuck
[0.742s] copying webots_epuck/drive_calibrator.py -> /home/ljl/Documents/工作目录/2_1虚拟环境拍照/code/webots_epuck_ws/build/webots_epuck/build/lib/webots_epuck
[0.742s] copying webots_epuck/epuck_controller.py -> /home/ljl/Documents/工作目录/2_1虚拟环境拍照/code/webots_epuck_ws/build/webots_epuck/build/lib/webots_epuck
[0.742s] copying webots_epuck/simple_mapper.py -> /home/ljl/Documents/工作目录/2_1虚拟环境拍照/code/webots_epuck_ws/build/webots_epuck/build/lib/webots_epuck
[0.742s] copying webots_epuck/__init__.py -> /home/ljl/Documents/工作目录/2_1虚拟环境拍照/code/webots_epuck_ws/build/webots_epuck/build/lib/webots_epuck
[0.742s] copying webots_epuck/epuck_node.py -> /home/ljl/Documents/工作目录/2_1虚拟环境拍照/code/webots_epuck_ws/build/webots_epuck/build/lib/webots_epuck
[0.742s] running install
[0.742s] running install_lib
[0.743s] creating /home/ljl/Documents/工作目录/2_1虚拟环境拍照/code/webots_epuck_ws/install/webots_epuck/lib/python3.10/site-packages/webots_epuck
[0.743s] copying /home/ljl/Documents/工作目录/2_1虚拟环境拍照/code/webots_epuck_ws/build/webots_epuck/build/lib/webots_epuck/drive_calibrator.py -> /home/ljl/Documents/工作目录/2_1虚拟环境拍照/code/webots_epuck_ws/install/webots_epuck/lib/python3.10/site-packages/webots_epuck
[0.743s] copying /home/ljl/Documents/工作目录/2_1虚拟环境拍照/code/webots_epuck_ws/build/webots_epuck/build/lib/webots_epuck/epuck_controller.py -> /home/ljl/Documents/工作目录/2_1虚拟环境拍照/code/webots_epuck_ws/install/webots_epuck/lib/python3.10/site-packages/webots_epuck
[0.743s] copying /home/ljl/Documents/工作目录/2_1虚拟环境拍照/code/webots_epuck_ws/build/webots_epuck/build/lib/webots_epuck/simple_mapper.py -> /home/ljl/Documents/工作目录/2_1虚拟环境拍照/code/webots_epuck_ws/install/webots_epuck/lib/python3.10/site-packages/webots_epuck
[0.743s] copying /home/ljl/Documents/工作目录/2_1虚拟环境拍照/code/webots_epuck_ws/build/webots_epuck/build/lib/webots_epuck/__init__.py -> /home/ljl/Documents/工作目录/2_1虚拟环境拍照/code/webots_epuck_ws/install/webots_epuck/lib/python3.10/site-packages/webots_epuck
[0.743s] copying /home/ljl/Documents/工作目录/2_1虚拟环境拍照/code/webots_epuck_ws/build/webots_epuck/build/lib/webots_epuck/epuck_node.py -> /home/ljl/Documents/工作目录/2_1虚拟环境拍照/code/webots_epuck_ws/install/webots_epuck/lib/python3.10/site-packages/webots_epuck
[0.744s] byte-compiling /home/ljl/Documents/工作目录/2_1虚拟环境拍照/code/webots_epuck_ws/install/webots_epuck/lib/python3.10/site-packages/webots_epuck/drive_calibrator.py to drive_calibrator.cpython-310.pyc
[0.744s] byte-compiling /home/ljl/Documents/工作目录/2_1虚拟环境拍照/code/webots_epuck_ws/install/webots_epuck/lib/python3.10/site-packages/webots_epuck/epuck_controller.py to epuck_controller.cpython-310.pyc
[0.745s] byte-compiling /home/ljl/Documents/工作目录/2_1虚拟环境拍照/code/webots_epuck_ws/install/webots_epuck/lib/python3.10/site-packages/webots_epuck/simple_mapper.py to simple_mapper.cpython-310.pyc
[0.745s] byte-compiling /home/ljl/Documents/工作目录/2_1虚拟环境拍照/code/webots_epuck_ws/install/webots_epuck/lib/python3.10/site-packages/webots_epuck/__init__.py to __init__.cpython-310.pyc
[0.745s] byte-compiling /home/ljl/Documents/工作目录/2_1虚拟环境拍照/code/webots_epuck_ws/install/webots_epuck/lib/python3.10/site-packages/webots_epuck/epuck_node.py to epuck_node.cpython-310.pyc
[0.746s] running install_data
[0.746s] creating /home/ljl/Documents/工作目录/2_1虚拟环境拍照/code/webots_epuck_ws/install/webots_epuck/share/ament_index
[0.746s] creating /home/ljl/Documents/工作目录/2_1虚拟环境拍照/code/webots_epuck_ws/install/webots_epuck/share/ament_index/resource_index
[0.746s] creating /home/ljl/Documents/工作目录/2_1虚拟环境拍照/code/webots_epuck_ws/install/webots_epuck/share/ament_index/resource_index/packages
[0.746s] copying resource/webots_epuck -> /home/ljl/Documents/工作目录/2_1虚拟环境拍照/code/webots_epuck_ws/install/webots_epuck/share/ament_index/resource_index/packages
[0.746s] creating /home/ljl/Documents/工作目录/2_1虚拟环境拍照/code/webots_epuck_ws/install/webots_epuck/share/webots_epuck/launch
[0.746s] copying launch/my_launch.py -> /home/ljl/Documents/工作目录/2_1虚拟环境拍照/code/webots_epuck_ws/install/webots_epuck/share/webots_epuck/launch
[0.746s] copying launch/robot_tools_launch.py -> /home/ljl/Documents/工作目录/2_1虚拟环境拍照/code/webots_epuck_ws/install/webots_epuck/share/webots_epuck/launch
[0.746s] copying launch/rats_life_launch.py -> /home/ljl/Documents/工作目录/2_1虚拟环境拍照/code/webots_epuck_ws/install/webots_epuck/share/webots_epuck/launch
[0.747s] copying launch/rats_life_waypoints_launch.py -> /home/ljl/Documents/工作目录/2_1虚拟环境拍照/code/webots_epuck_ws/install/webots_epuck/share/webots_epuck/launch
[0.747s] creating /home/ljl/Documents/工作目录/2_1虚拟环境拍照/code/webots_epuck_ws/install/webots_epuck/share/webots_epuck/worlds
[0.747s] copying worlds/epuck_world.wbt -> /home/ljl/Documents/工作目录/2_1虚拟环境拍照/code/webots_epuck_ws/install/webots_epuck/share/webots_epuck/worlds
[0.747s] copying worlds/.epuck_world.wbproj -> /home/ljl/Documents/工作目录/2_1虚拟环境拍照/code/webots_epuck_ws/install/webots_epuck/share/webots_epuck/worlds
[0.747s] copying worlds/rats_life_benchmark.wbt -> /home/ljl/Documents/工作目录/2_1虚拟环境拍照/code/webots_epuck_ws/install/webots_epuck/share/webots_epuck/worlds
[0.747s] copying worlds/.rats_life_benchmark.wbproj -> /home/ljl/Documents/工作目录/2_1虚拟环境拍照/code/webots_epuck_ws/install/webots_epuck/share/webots_epuck/worlds
[0.747s] creating /home/ljl/Documents/工作目录/2_1虚拟环境拍照/code/webots_epuck_ws/install/webots_epuck/share/webots_epuck/protos
[0.747s] copying protos/LegoTallInterval.proto -> /home/ljl/Documents/工作目录/2_1虚拟环境拍照/code/webots_epuck_ws/install/webots_epuck/share/webots_epuck/protos
[0.747s] copying protos/LegoTallWall.proto -> /home/ljl/Documents/工作目录/2_1虚拟环境拍照/code/webots_epuck_ws/install/webots_epuck/share/webots_epuck/protos
[0.747s] creating /home/ljl/Documents/工作目录/2_1虚拟环境拍照/code/webots_epuck_ws/install/webots_epuck/share/webots_epuck/resource
[0.747s] copying resource/all.rviz -> /home/ljl/Documents/工作目录/2_1虚拟环境拍照/code/webots_epuck_ws/install/webots_epuck/share/webots_epuck/resource
[0.747s] copying resource/nav2_params.yaml -> /home/ljl/Documents/工作目录/2_1虚拟环境拍照/code/webots_epuck_ws/install/webots_epuck/share/webots_epuck/resource
[0.747s] copying resource/nav2_params_iron.yaml -> /home/ljl/Documents/工作目录/2_1虚拟环境拍照/code/webots_epuck_ws/install/webots_epuck/share/webots_epuck/resource
[0.748s] copying resource/map_rats_life.pgm -> /home/ljl/Documents/工作目录/2_1虚拟环境拍照/code/webots_epuck_ws/install/webots_epuck/share/webots_epuck/resource
[0.748s] copying resource/map_rats_life.yaml -> /home/ljl/Documents/工作目录/2_1虚拟环境拍照/code/webots_epuck_ws/install/webots_epuck/share/webots_epuck/resource
[0.748s] copying resource/nav2_rats_life_waypoints.yaml -> /home/ljl/Documents/工作目录/2_1虚拟环境拍照/code/webots_epuck_ws/install/webots_epuck/share/webots_epuck/resource
[0.748s] copying resource/epuck_world_map.pgm -> /home/ljl/Documents/工作目录/2_1虚拟环境拍照/code/webots_epuck_ws/install/webots_epuck/share/webots_epuck/resource
[0.748s] copying resource/epuck_world_map.yaml -> /home/ljl/Documents/工作目录/2_1虚拟环境拍照/code/webots_epuck_ws/install/webots_epuck/share/webots_epuck/resource
[0.748s] copying resource/epuck_webots.urdf -> /home/ljl/Documents/工作目录/2_1虚拟环境拍照/code/webots_epuck_ws/install/webots_epuck/share/webots_epuck/resource
[0.748s] copying resource/ros2_control.yml -> /home/ljl/Documents/工作目录/2_1虚拟环境拍照/code/webots_epuck_ws/install/webots_epuck/share/webots_epuck/resource
[0.748s] copying package.xml -> /home/ljl/Documents/工作目录/2_1虚拟环境拍照/code/webots_epuck_ws/install/webots_epuck/share/webots_epuck
[0.748s] running install_egg_info
[0.750s] Copying ../../build/webots_epuck/webots_epuck.egg-info to /home/ljl/Documents/工作目录/2_1虚拟环境拍照/code/webots_epuck_ws/install/webots_epuck/lib/python3.10/site-packages/webots_epuck-2023.1.3-py3.10.egg-info
[0.750s] running install_scripts
[0.765s] Installing drive_calibrator script to /home/ljl/Documents/工作目录/2_1虚拟环境拍照/code/webots_epuck_ws/install/webots_epuck/lib/webots_epuck
[0.765s] Installing epuck_node script to /home/ljl/Documents/工作目录/2_1虚拟环境拍照/code/webots_epuck_ws/install/webots_epuck/lib/webots_epuck
[0.765s] Installing simple_mapper script to /home/ljl/Documents/工作目录/2_1虚拟环境拍照/code/webots_epuck_ws/install/webots_epuck/lib/webots_epuck
[0.765s] writing list of installed files to '/home/ljl/Documents/工作目录/2_1虚拟环境拍照/code/webots_epuck_ws/build/webots_epuck/install.log'
[0.782s] Invoked command in '/home/ljl/Documents/工作目录/2_1虚拟环境拍照/code/webots_epuck_ws/src/webots_epuck' returned '0': PYTHONPATH=/home/ljl/Documents/工作目录/2_1虚拟环境拍照/code/webots_epuck_ws/build/webots_epuck/prefix_override:/usr/lib/python3/dist-packages/colcon_core/task/python/colcon_distutils_commands:/home/ljl/Documents/工作目录/2_1虚拟环境拍照/code/webots_epuck_ws/install/webots_epuck/lib/python3.10/site-packages:${PYTHONPATH} /usr/bin/python3 -W ignore:setup.py install is deprecated setup.py egg_info --egg-base ../../build/webots_epuck build --build-base /home/ljl/Documents/工作目录/2_1虚拟环境拍照/code/webots_epuck_ws/build/webots_epuck/build install --record /home/ljl/Documents/工作目录/2_1虚拟环境拍照/code/webots_epuck_ws/build/webots_epuck/install.log --single-version-externally-managed install_data
