running egg_info
creating ../../build/webots_epuck/webots_epuck.egg-info
writing ../../build/webots_epuck/webots_epuck.egg-info/PKG-INFO
writing dependency_links to ../../build/webots_epuck/webots_epuck.egg-info/dependency_links.txt
writing entry points to ../../build/webots_epuck/webots_epuck.egg-info/entry_points.txt
writing requirements to ../../build/webots_epuck/webots_epuck.egg-info/requires.txt
writing top-level names to ../../build/webots_epuck/webots_epuck.egg-info/top_level.txt
writing manifest file '../../build/webots_epuck/webots_epuck.egg-info/SOURCES.txt'
reading manifest file '../../build/webots_epuck/webots_epuck.egg-info/SOURCES.txt'
writing manifest file '../../build/webots_epuck/webots_epuck.egg-info/SOURCES.txt'
running build
running build_py
creating /home/dsh/Documents/work_logs/code/AIIMU_ros2/webots_epuck_ws/build/webots_epuck/build
creating /home/dsh/Documents/work_logs/code/AIIMU_ros2/webots_epuck_ws/build/webots_epuck/build/lib
creating /home/dsh/Documents/work_logs/code/AIIMU_ros2/webots_epuck_ws/build/webots_epuck/build/lib/webots_epuck
copying webots_epuck/__init__.py -> /home/dsh/Documents/work_logs/code/AIIMU_ros2/webots_epuck_ws/build/webots_epuck/build/lib/webots_epuck
copying webots_epuck/drive_calibrator.py -> /home/dsh/Documents/work_logs/code/AIIMU_ros2/webots_epuck_ws/build/webots_epuck/build/lib/webots_epuck
copying webots_epuck/epuck_controller.py -> /home/dsh/Documents/work_logs/code/AIIMU_ros2/webots_epuck_ws/build/webots_epuck/build/lib/webots_epuck
copying webots_epuck/simple_mapper.py -> /home/dsh/Documents/work_logs/code/AIIMU_ros2/webots_epuck_ws/build/webots_epuck/build/lib/webots_epuck
copying webots_epuck/epuck_node.py -> /home/dsh/Documents/work_logs/code/AIIMU_ros2/webots_epuck_ws/build/webots_epuck/build/lib/webots_epuck
running install
running install_lib
creating /home/dsh/Documents/work_logs/code/AIIMU_ros2/webots_epuck_ws/install/webots_epuck/lib/python3.10/site-packages/webots_epuck
copying /home/dsh/Documents/work_logs/code/AIIMU_ros2/webots_epuck_ws/build/webots_epuck/build/lib/webots_epuck/__init__.py -> /home/dsh/Documents/work_logs/code/AIIMU_ros2/webots_epuck_ws/install/webots_epuck/lib/python3.10/site-packages/webots_epuck
copying /home/dsh/Documents/work_logs/code/AIIMU_ros2/webots_epuck_ws/build/webots_epuck/build/lib/webots_epuck/drive_calibrator.py -> /home/dsh/Documents/work_logs/code/AIIMU_ros2/webots_epuck_ws/install/webots_epuck/lib/python3.10/site-packages/webots_epuck
copying /home/dsh/Documents/work_logs/code/AIIMU_ros2/webots_epuck_ws/build/webots_epuck/build/lib/webots_epuck/epuck_controller.py -> /home/dsh/Documents/work_logs/code/AIIMU_ros2/webots_epuck_ws/install/webots_epuck/lib/python3.10/site-packages/webots_epuck
copying /home/dsh/Documents/work_logs/code/AIIMU_ros2/webots_epuck_ws/build/webots_epuck/build/lib/webots_epuck/simple_mapper.py -> /home/dsh/Documents/work_logs/code/AIIMU_ros2/webots_epuck_ws/install/webots_epuck/lib/python3.10/site-packages/webots_epuck
copying /home/dsh/Documents/work_logs/code/AIIMU_ros2/webots_epuck_ws/build/webots_epuck/build/lib/webots_epuck/epuck_node.py -> /home/dsh/Documents/work_logs/code/AIIMU_ros2/webots_epuck_ws/install/webots_epuck/lib/python3.10/site-packages/webots_epuck
byte-compiling /home/dsh/Documents/work_logs/code/AIIMU_ros2/webots_epuck_ws/install/webots_epuck/lib/python3.10/site-packages/webots_epuck/__init__.py to __init__.cpython-310.pyc
byte-compiling /home/dsh/Documents/work_logs/code/AIIMU_ros2/webots_epuck_ws/install/webots_epuck/lib/python3.10/site-packages/webots_epuck/drive_calibrator.py to drive_calibrator.cpython-310.pyc
byte-compiling /home/dsh/Documents/work_logs/code/AIIMU_ros2/webots_epuck_ws/install/webots_epuck/lib/python3.10/site-packages/webots_epuck/epuck_controller.py to epuck_controller.cpython-310.pyc
byte-compiling /home/dsh/Documents/work_logs/code/AIIMU_ros2/webots_epuck_ws/install/webots_epuck/lib/python3.10/site-packages/webots_epuck/simple_mapper.py to simple_mapper.cpython-310.pyc
byte-compiling /home/dsh/Documents/work_logs/code/AIIMU_ros2/webots_epuck_ws/install/webots_epuck/lib/python3.10/site-packages/webots_epuck/epuck_node.py to epuck_node.cpython-310.pyc
running install_data
creating /home/dsh/Documents/work_logs/code/AIIMU_ros2/webots_epuck_ws/install/webots_epuck/share/ament_index
creating /home/dsh/Documents/work_logs/code/AIIMU_ros2/webots_epuck_ws/install/webots_epuck/share/ament_index/resource_index
creating /home/dsh/Documents/work_logs/code/AIIMU_ros2/webots_epuck_ws/install/webots_epuck/share/ament_index/resource_index/packages
copying resource/webots_epuck -> /home/dsh/Documents/work_logs/code/AIIMU_ros2/webots_epuck_ws/install/webots_epuck/share/ament_index/resource_index/packages
creating /home/dsh/Documents/work_logs/code/AIIMU_ros2/webots_epuck_ws/install/webots_epuck/share/webots_epuck/launch
copying launch/my_launch.py -> /home/dsh/Documents/work_logs/code/AIIMU_ros2/webots_epuck_ws/install/webots_epuck/share/webots_epuck/launch
copying launch/robot_tools_launch.py -> /home/dsh/Documents/work_logs/code/AIIMU_ros2/webots_epuck_ws/install/webots_epuck/share/webots_epuck/launch
copying launch/rats_life_launch.py -> /home/dsh/Documents/work_logs/code/AIIMU_ros2/webots_epuck_ws/install/webots_epuck/share/webots_epuck/launch
copying launch/rats_life_waypoints_launch.py -> /home/dsh/Documents/work_logs/code/AIIMU_ros2/webots_epuck_ws/install/webots_epuck/share/webots_epuck/launch
creating /home/dsh/Documents/work_logs/code/AIIMU_ros2/webots_epuck_ws/install/webots_epuck/share/webots_epuck/worlds
copying worlds/epuck_world.wbt -> /home/dsh/Documents/work_logs/code/AIIMU_ros2/webots_epuck_ws/install/webots_epuck/share/webots_epuck/worlds
copying worlds/.epuck_world.wbproj -> /home/dsh/Documents/work_logs/code/AIIMU_ros2/webots_epuck_ws/install/webots_epuck/share/webots_epuck/worlds
copying worlds/rats_life_benchmark.wbt -> /home/dsh/Documents/work_logs/code/AIIMU_ros2/webots_epuck_ws/install/webots_epuck/share/webots_epuck/worlds
copying worlds/.rats_life_benchmark.wbproj -> /home/dsh/Documents/work_logs/code/AIIMU_ros2/webots_epuck_ws/install/webots_epuck/share/webots_epuck/worlds
creating /home/dsh/Documents/work_logs/code/AIIMU_ros2/webots_epuck_ws/install/webots_epuck/share/webots_epuck/protos
copying protos/LegoTallInterval.proto -> /home/dsh/Documents/work_logs/code/AIIMU_ros2/webots_epuck_ws/install/webots_epuck/share/webots_epuck/protos
copying protos/LegoTallWall.proto -> /home/dsh/Documents/work_logs/code/AIIMU_ros2/webots_epuck_ws/install/webots_epuck/share/webots_epuck/protos
creating /home/dsh/Documents/work_logs/code/AIIMU_ros2/webots_epuck_ws/install/webots_epuck/share/webots_epuck/resource
copying resource/all.rviz -> /home/dsh/Documents/work_logs/code/AIIMU_ros2/webots_epuck_ws/install/webots_epuck/share/webots_epuck/resource
copying resource/nav2_params.yaml -> /home/dsh/Documents/work_logs/code/AIIMU_ros2/webots_epuck_ws/install/webots_epuck/share/webots_epuck/resource
copying resource/nav2_params_iron.yaml -> /home/dsh/Documents/work_logs/code/AIIMU_ros2/webots_epuck_ws/install/webots_epuck/share/webots_epuck/resource
copying resource/map_rats_life.pgm -> /home/dsh/Documents/work_logs/code/AIIMU_ros2/webots_epuck_ws/install/webots_epuck/share/webots_epuck/resource
copying resource/map_rats_life.yaml -> /home/dsh/Documents/work_logs/code/AIIMU_ros2/webots_epuck_ws/install/webots_epuck/share/webots_epuck/resource
copying resource/nav2_rats_life_waypoints.yaml -> /home/dsh/Documents/work_logs/code/AIIMU_ros2/webots_epuck_ws/install/webots_epuck/share/webots_epuck/resource
copying resource/epuck_world_map.pgm -> /home/dsh/Documents/work_logs/code/AIIMU_ros2/webots_epuck_ws/install/webots_epuck/share/webots_epuck/resource
copying resource/epuck_world_map.yaml -> /home/dsh/Documents/work_logs/code/AIIMU_ros2/webots_epuck_ws/install/webots_epuck/share/webots_epuck/resource
copying resource/epuck_webots.urdf -> /home/dsh/Documents/work_logs/code/AIIMU_ros2/webots_epuck_ws/install/webots_epuck/share/webots_epuck/resource
copying resource/ros2_control.yml -> /home/dsh/Documents/work_logs/code/AIIMU_ros2/webots_epuck_ws/install/webots_epuck/share/webots_epuck/resource
copying package.xml -> /home/dsh/Documents/work_logs/code/AIIMU_ros2/webots_epuck_ws/install/webots_epuck/share/webots_epuck
running install_egg_info
Copying ../../build/webots_epuck/webots_epuck.egg-info to /home/dsh/Documents/work_logs/code/AIIMU_ros2/webots_epuck_ws/install/webots_epuck/lib/python3.10/site-packages/webots_epuck-2023.1.3-py3.10.egg-info
running install_scripts
Installing drive_calibrator script to /home/dsh/Documents/work_logs/code/AIIMU_ros2/webots_epuck_ws/install/webots_epuck/lib/webots_epuck
Installing epuck_node script to /home/dsh/Documents/work_logs/code/AIIMU_ros2/webots_epuck_ws/install/webots_epuck/lib/webots_epuck
Installing simple_mapper script to /home/dsh/Documents/work_logs/code/AIIMU_ros2/webots_epuck_ws/install/webots_epuck/lib/webots_epuck
writing list of installed files to '/home/dsh/Documents/work_logs/code/AIIMU_ros2/webots_epuck_ws/build/webots_epuck/install.log'
