[0.459s] Invoking command in '/home/dsh/Documents/work_logs/code/AIIMU_ros2/webots_epuck_ws/src/webots_epuck': CONDA_PROMPT_MODIFIER=(base) PYTHONPATH=/home/dsh/Documents/work_logs/code/AIIMU_ros2/webots_epuck_ws/build/webots_epuck/prefix_override:/usr/lib/python3/dist-packages/colcon_core/task/python/colcon_distutils_commands:/home/dsh/Documents/work_logs/code/AIIMU_ros2/webots_epuck_ws/install/webots_epuck/lib/python3.10/site-packages:${PYTHONPATH} /usr/bin/python3 -W ignore:setup.py install is deprecated -W ignore:easy_install command is deprecated setup.py egg_info --egg-base ../../build/webots_epuck build --build-base /home/dsh/Documents/work_logs/code/AIIMU_ros2/webots_epuck_ws/build/webots_epuck/build install --record /home/dsh/Documents/work_logs/code/AIIMU_ros2/webots_epuck_ws/build/webots_epuck/install.log --single-version-externally-managed install_data
[0.601s] running egg_info
[0.601s] creating ../../build/webots_epuck/webots_epuck.egg-info
[0.601s] writing ../../build/webots_epuck/webots_epuck.egg-info/PKG-INFO
[0.601s] writing dependency_links to ../../build/webots_epuck/webots_epuck.egg-info/dependency_links.txt
[0.601s] writing entry points to ../../build/webots_epuck/webots_epuck.egg-info/entry_points.txt
[0.601s] writing requirements to ../../build/webots_epuck/webots_epuck.egg-info/requires.txt
[0.601s] writing top-level names to ../../build/webots_epuck/webots_epuck.egg-info/top_level.txt
[0.602s] writing manifest file '../../build/webots_epuck/webots_epuck.egg-info/SOURCES.txt'
[0.603s] reading manifest file '../../build/webots_epuck/webots_epuck.egg-info/SOURCES.txt'
[0.604s] writing manifest file '../../build/webots_epuck/webots_epuck.egg-info/SOURCES.txt'
[0.604s] running build
[0.604s] running build_py
[0.604s] creating /home/dsh/Documents/work_logs/code/AIIMU_ros2/webots_epuck_ws/build/webots_epuck/build
[0.604s] creating /home/dsh/Documents/work_logs/code/AIIMU_ros2/webots_epuck_ws/build/webots_epuck/build/lib
[0.604s] creating /home/dsh/Documents/work_logs/code/AIIMU_ros2/webots_epuck_ws/build/webots_epuck/build/lib/webots_epuck
[0.604s] copying webots_epuck/__init__.py -> /home/dsh/Documents/work_logs/code/AIIMU_ros2/webots_epuck_ws/build/webots_epuck/build/lib/webots_epuck
[0.604s] copying webots_epuck/drive_calibrator.py -> /home/dsh/Documents/work_logs/code/AIIMU_ros2/webots_epuck_ws/build/webots_epuck/build/lib/webots_epuck
[0.604s] copying webots_epuck/epuck_controller.py -> /home/dsh/Documents/work_logs/code/AIIMU_ros2/webots_epuck_ws/build/webots_epuck/build/lib/webots_epuck
[0.604s] copying webots_epuck/simple_mapper.py -> /home/dsh/Documents/work_logs/code/AIIMU_ros2/webots_epuck_ws/build/webots_epuck/build/lib/webots_epuck
[0.604s] copying webots_epuck/epuck_node.py -> /home/dsh/Documents/work_logs/code/AIIMU_ros2/webots_epuck_ws/build/webots_epuck/build/lib/webots_epuck
[0.604s] running install
[0.604s] running install_lib
[0.604s] creating /home/dsh/Documents/work_logs/code/AIIMU_ros2/webots_epuck_ws/install/webots_epuck/lib/python3.10/site-packages/webots_epuck
[0.604s] copying /home/dsh/Documents/work_logs/code/AIIMU_ros2/webots_epuck_ws/build/webots_epuck/build/lib/webots_epuck/__init__.py -> /home/dsh/Documents/work_logs/code/AIIMU_ros2/webots_epuck_ws/install/webots_epuck/lib/python3.10/site-packages/webots_epuck
[0.604s] copying /home/dsh/Documents/work_logs/code/AIIMU_ros2/webots_epuck_ws/build/webots_epuck/build/lib/webots_epuck/drive_calibrator.py -> /home/dsh/Documents/work_logs/code/AIIMU_ros2/webots_epuck_ws/install/webots_epuck/lib/python3.10/site-packages/webots_epuck
[0.604s] copying /home/dsh/Documents/work_logs/code/AIIMU_ros2/webots_epuck_ws/build/webots_epuck/build/lib/webots_epuck/epuck_controller.py -> /home/dsh/Documents/work_logs/code/AIIMU_ros2/webots_epuck_ws/install/webots_epuck/lib/python3.10/site-packages/webots_epuck
[0.605s] copying /home/dsh/Documents/work_logs/code/AIIMU_ros2/webots_epuck_ws/build/webots_epuck/build/lib/webots_epuck/simple_mapper.py -> /home/dsh/Documents/work_logs/code/AIIMU_ros2/webots_epuck_ws/install/webots_epuck/lib/python3.10/site-packages/webots_epuck
[0.605s] copying /home/dsh/Documents/work_logs/code/AIIMU_ros2/webots_epuck_ws/build/webots_epuck/build/lib/webots_epuck/epuck_node.py -> /home/dsh/Documents/work_logs/code/AIIMU_ros2/webots_epuck_ws/install/webots_epuck/lib/python3.10/site-packages/webots_epuck
[0.605s] byte-compiling /home/dsh/Documents/work_logs/code/AIIMU_ros2/webots_epuck_ws/install/webots_epuck/lib/python3.10/site-packages/webots_epuck/__init__.py to __init__.cpython-310.pyc
[0.605s] byte-compiling /home/dsh/Documents/work_logs/code/AIIMU_ros2/webots_epuck_ws/install/webots_epuck/lib/python3.10/site-packages/webots_epuck/drive_calibrator.py to drive_calibrator.cpython-310.pyc
[0.606s] byte-compiling /home/dsh/Documents/work_logs/code/AIIMU_ros2/webots_epuck_ws/install/webots_epuck/lib/python3.10/site-packages/webots_epuck/epuck_controller.py to epuck_controller.cpython-310.pyc
[0.606s] byte-compiling /home/dsh/Documents/work_logs/code/AIIMU_ros2/webots_epuck_ws/install/webots_epuck/lib/python3.10/site-packages/webots_epuck/simple_mapper.py to simple_mapper.cpython-310.pyc
[0.606s] byte-compiling /home/dsh/Documents/work_logs/code/AIIMU_ros2/webots_epuck_ws/install/webots_epuck/lib/python3.10/site-packages/webots_epuck/epuck_node.py to epuck_node.cpython-310.pyc
[0.607s] running install_data
[0.607s] creating /home/dsh/Documents/work_logs/code/AIIMU_ros2/webots_epuck_ws/install/webots_epuck/share/ament_index
[0.607s] creating /home/dsh/Documents/work_logs/code/AIIMU_ros2/webots_epuck_ws/install/webots_epuck/share/ament_index/resource_index
[0.607s] creating /home/dsh/Documents/work_logs/code/AIIMU_ros2/webots_epuck_ws/install/webots_epuck/share/ament_index/resource_index/packages
[0.607s] copying resource/webots_epuck -> /home/dsh/Documents/work_logs/code/AIIMU_ros2/webots_epuck_ws/install/webots_epuck/share/ament_index/resource_index/packages
[0.607s] creating /home/dsh/Documents/work_logs/code/AIIMU_ros2/webots_epuck_ws/install/webots_epuck/share/webots_epuck/launch
[0.607s] copying launch/my_launch.py -> /home/dsh/Documents/work_logs/code/AIIMU_ros2/webots_epuck_ws/install/webots_epuck/share/webots_epuck/launch
[0.607s] copying launch/robot_tools_launch.py -> /home/dsh/Documents/work_logs/code/AIIMU_ros2/webots_epuck_ws/install/webots_epuck/share/webots_epuck/launch
[0.607s] copying launch/rats_life_launch.py -> /home/dsh/Documents/work_logs/code/AIIMU_ros2/webots_epuck_ws/install/webots_epuck/share/webots_epuck/launch
[0.607s] copying launch/rats_life_waypoints_launch.py -> /home/dsh/Documents/work_logs/code/AIIMU_ros2/webots_epuck_ws/install/webots_epuck/share/webots_epuck/launch
[0.607s] creating /home/dsh/Documents/work_logs/code/AIIMU_ros2/webots_epuck_ws/install/webots_epuck/share/webots_epuck/worlds
[0.607s] copying worlds/epuck_world.wbt -> /home/dsh/Documents/work_logs/code/AIIMU_ros2/webots_epuck_ws/install/webots_epuck/share/webots_epuck/worlds
[0.607s] copying worlds/.epuck_world.wbproj -> /home/dsh/Documents/work_logs/code/AIIMU_ros2/webots_epuck_ws/install/webots_epuck/share/webots_epuck/worlds
[0.607s] copying worlds/rats_life_benchmark.wbt -> /home/dsh/Documents/work_logs/code/AIIMU_ros2/webots_epuck_ws/install/webots_epuck/share/webots_epuck/worlds
[0.608s] copying worlds/.rats_life_benchmark.wbproj -> /home/dsh/Documents/work_logs/code/AIIMU_ros2/webots_epuck_ws/install/webots_epuck/share/webots_epuck/worlds
[0.608s] creating /home/dsh/Documents/work_logs/code/AIIMU_ros2/webots_epuck_ws/install/webots_epuck/share/webots_epuck/protos
[0.608s] copying protos/LegoTallInterval.proto -> /home/dsh/Documents/work_logs/code/AIIMU_ros2/webots_epuck_ws/install/webots_epuck/share/webots_epuck/protos
[0.608s] copying protos/LegoTallWall.proto -> /home/dsh/Documents/work_logs/code/AIIMU_ros2/webots_epuck_ws/install/webots_epuck/share/webots_epuck/protos
[0.608s] creating /home/dsh/Documents/work_logs/code/AIIMU_ros2/webots_epuck_ws/install/webots_epuck/share/webots_epuck/resource
[0.608s] copying resource/all.rviz -> /home/dsh/Documents/work_logs/code/AIIMU_ros2/webots_epuck_ws/install/webots_epuck/share/webots_epuck/resource
[0.608s] copying resource/nav2_params.yaml -> /home/dsh/Documents/work_logs/code/AIIMU_ros2/webots_epuck_ws/install/webots_epuck/share/webots_epuck/resource
[0.608s] copying resource/nav2_params_iron.yaml -> /home/dsh/Documents/work_logs/code/AIIMU_ros2/webots_epuck_ws/install/webots_epuck/share/webots_epuck/resource
[0.608s] copying resource/map_rats_life.pgm -> /home/dsh/Documents/work_logs/code/AIIMU_ros2/webots_epuck_ws/install/webots_epuck/share/webots_epuck/resource
[0.608s] copying resource/map_rats_life.yaml -> /home/dsh/Documents/work_logs/code/AIIMU_ros2/webots_epuck_ws/install/webots_epuck/share/webots_epuck/resource
[0.608s] copying resource/nav2_rats_life_waypoints.yaml -> /home/dsh/Documents/work_logs/code/AIIMU_ros2/webots_epuck_ws/install/webots_epuck/share/webots_epuck/resource
[0.608s] copying resource/epuck_world_map.pgm -> /home/dsh/Documents/work_logs/code/AIIMU_ros2/webots_epuck_ws/install/webots_epuck/share/webots_epuck/resource
[0.608s] copying resource/epuck_world_map.yaml -> /home/dsh/Documents/work_logs/code/AIIMU_ros2/webots_epuck_ws/install/webots_epuck/share/webots_epuck/resource
[0.608s] copying resource/epuck_webots.urdf -> /home/dsh/Documents/work_logs/code/AIIMU_ros2/webots_epuck_ws/install/webots_epuck/share/webots_epuck/resource
[0.608s] copying resource/ros2_control.yml -> /home/dsh/Documents/work_logs/code/AIIMU_ros2/webots_epuck_ws/install/webots_epuck/share/webots_epuck/resource
[0.608s] copying package.xml -> /home/dsh/Documents/work_logs/code/AIIMU_ros2/webots_epuck_ws/install/webots_epuck/share/webots_epuck
[0.608s] running install_egg_info
[0.609s] Copying ../../build/webots_epuck/webots_epuck.egg-info to /home/dsh/Documents/work_logs/code/AIIMU_ros2/webots_epuck_ws/install/webots_epuck/lib/python3.10/site-packages/webots_epuck-2023.1.3-py3.10.egg-info
[0.609s] running install_scripts
[0.622s] Installing drive_calibrator script to /home/dsh/Documents/work_logs/code/AIIMU_ros2/webots_epuck_ws/install/webots_epuck/lib/webots_epuck
[0.622s] Installing epuck_node script to /home/dsh/Documents/work_logs/code/AIIMU_ros2/webots_epuck_ws/install/webots_epuck/lib/webots_epuck
[0.622s] Installing simple_mapper script to /home/dsh/Documents/work_logs/code/AIIMU_ros2/webots_epuck_ws/install/webots_epuck/lib/webots_epuck
[0.622s] writing list of installed files to '/home/dsh/Documents/work_logs/code/AIIMU_ros2/webots_epuck_ws/build/webots_epuck/install.log'
[0.636s] Invoked command in '/home/dsh/Documents/work_logs/code/AIIMU_ros2/webots_epuck_ws/src/webots_epuck' returned '0': CONDA_PROMPT_MODIFIER=(base) PYTHONPATH=/home/dsh/Documents/work_logs/code/AIIMU_ros2/webots_epuck_ws/build/webots_epuck/prefix_override:/usr/lib/python3/dist-packages/colcon_core/task/python/colcon_distutils_commands:/home/dsh/Documents/work_logs/code/AIIMU_ros2/webots_epuck_ws/install/webots_epuck/lib/python3.10/site-packages:${PYTHONPATH} /usr/bin/python3 -W ignore:setup.py install is deprecated -W ignore:easy_install command is deprecated setup.py egg_info --egg-base ../../build/webots_epuck build --build-base /home/dsh/Documents/work_logs/code/AIIMU_ros2/webots_epuck_ws/build/webots_epuck/build install --record /home/dsh/Documents/work_logs/code/AIIMU_ros2/webots_epuck_ws/build/webots_epuck/install.log --single-version-externally-managed install_data
