[0.142s] DEBUG:colcon:Command line arguments: ['/usr/bin/colcon', 'build']
[0.142s] DEBUG:colcon:Parsed command line arguments: Namespace(log_base=None, log_level=None, verb_name='build', build_base='build', install_base='install', merge_install=False, symlink_install=False, test_result_base=None, continue_on_error=False, executor='parallel', parallel_workers=20, event_handlers=None, ignore_user_meta=False, metas=['./colcon.meta'], base_paths=['.'], packages_ignore=None, packages_ignore_regex=None, paths=None, packages_up_to=None, packages_up_to_regex=None, packages_above=None, packages_above_and_dependencies=None, packages_above_depth=None, packages_select_by_dep=None, packages_skip_by_dep=None, packages_skip_up_to=None, packages_select_build_failed=False, packages_skip_build_finished=False, packages_select_test_failures=False, packages_skip_test_passed=False, packages_select=None, packages_skip=None, packages_select_regex=None, packages_skip_regex=None, packages_start=None, packages_end=None, allow_overriding=[], cmake_args=None, cmake_target=None, cmake_target_skip_unavailable=False, cmake_clean_cache=False, cmake_clean_first=False, cmake_force_configure=False, ament_cmake_args=None, catkin_cmake_args=None, catkin_skip_building_tests=False, verb_parser=<colcon_defaults.argument_parser.defaults.DefaultArgumentsDecorator object at 0x79dc4136c3a0>, verb_extension=<colcon_core.verb.build.BuildVerb object at 0x79dc41337e50>, main=<bound method BuildVerb.main of <colcon_core.verb.build.BuildVerb object at 0x79dc41337e50>>)
[0.356s] Level 1:colcon.colcon_core.package_discovery:discover_packages(colcon_meta) check parameters
[0.356s] Level 1:colcon.colcon_core.package_discovery:discover_packages(recursive) check parameters
[0.356s] Level 1:colcon.colcon_core.package_discovery:discover_packages(ignore) check parameters
[0.357s] Level 1:colcon.colcon_core.package_discovery:discover_packages(path) check parameters
[0.357s] Level 1:colcon.colcon_core.package_discovery:discover_packages(colcon_meta) discover
[0.357s] Level 1:colcon.colcon_core.package_discovery:discover_packages(recursive) discover
[0.357s] INFO:colcon.colcon_core.package_discovery:Crawling recursively for packages in '/home/dsh/Documents/work_logs/1_3二维码定位/code/ros2_publishers_ws'
[0.357s] Level 1:colcon.colcon_core.package_identification:_identify(.) by extensions ['ignore', 'ignore_ament_install']
[0.357s] Level 1:colcon.colcon_core.package_identification:_identify(.) by extension 'ignore'
[0.357s] Level 1:colcon.colcon_core.package_identification:_identify(.) by extension 'ignore_ament_install'
[0.357s] Level 1:colcon.colcon_core.package_identification:_identify(.) by extensions ['colcon_pkg']
[0.357s] Level 1:colcon.colcon_core.package_identification:_identify(.) by extension 'colcon_pkg'
[0.357s] Level 1:colcon.colcon_core.package_identification:_identify(.) by extensions ['colcon_meta']
[0.357s] Level 1:colcon.colcon_core.package_identification:_identify(.) by extension 'colcon_meta'
[0.357s] Level 1:colcon.colcon_core.package_identification:_identify(.) by extensions ['ros']
[0.357s] Level 1:colcon.colcon_core.package_identification:_identify(.) by extension 'ros'
[0.371s] Level 1:colcon.colcon_core.package_identification:_identify(.) by extensions ['cmake', 'python']
[0.371s] Level 1:colcon.colcon_core.package_identification:_identify(.) by extension 'cmake'
[0.372s] Level 1:colcon.colcon_core.package_identification:_identify(.) by extension 'python'
[0.372s] Level 1:colcon.colcon_core.package_identification:_identify(.) by extensions ['python_setup_py']
[0.372s] Level 1:colcon.colcon_core.package_identification:_identify(.) by extension 'python_setup_py'
[0.372s] Level 1:colcon.colcon_core.package_identification:_identify(build) by extensions ['ignore', 'ignore_ament_install']
[0.372s] Level 1:colcon.colcon_core.package_identification:_identify(build) by extension 'ignore'
[0.372s] Level 1:colcon.colcon_core.package_identification:_identify(build) ignored
[0.372s] Level 1:colcon.colcon_core.package_identification:_identify(install) by extensions ['ignore', 'ignore_ament_install']
[0.372s] Level 1:colcon.colcon_core.package_identification:_identify(install) by extension 'ignore'
[0.372s] Level 1:colcon.colcon_core.package_identification:_identify(install) ignored
[0.372s] Level 1:colcon.colcon_core.package_identification:_identify(log) by extensions ['ignore', 'ignore_ament_install']
[0.372s] Level 1:colcon.colcon_core.package_identification:_identify(log) by extension 'ignore'
[0.372s] Level 1:colcon.colcon_core.package_identification:_identify(log) ignored
[0.373s] Level 1:colcon.colcon_core.package_identification:_identify(src) by extensions ['ignore', 'ignore_ament_install']
[0.373s] Level 1:colcon.colcon_core.package_identification:_identify(src) by extension 'ignore'
[0.373s] Level 1:colcon.colcon_core.package_identification:_identify(src) by extension 'ignore_ament_install'
[0.373s] Level 1:colcon.colcon_core.package_identification:_identify(src) by extensions ['colcon_pkg']
[0.373s] Level 1:colcon.colcon_core.package_identification:_identify(src) by extension 'colcon_pkg'
[0.373s] Level 1:colcon.colcon_core.package_identification:_identify(src) by extensions ['colcon_meta']
[0.373s] Level 1:colcon.colcon_core.package_identification:_identify(src) by extension 'colcon_meta'
[0.373s] Level 1:colcon.colcon_core.package_identification:_identify(src) by extensions ['ros']
[0.373s] Level 1:colcon.colcon_core.package_identification:_identify(src) by extension 'ros'
[0.373s] Level 1:colcon.colcon_core.package_identification:_identify(src) by extensions ['cmake', 'python']
[0.373s] Level 1:colcon.colcon_core.package_identification:_identify(src) by extension 'cmake'
[0.373s] Level 1:colcon.colcon_core.package_identification:_identify(src) by extension 'python'
[0.373s] Level 1:colcon.colcon_core.package_identification:_identify(src) by extensions ['python_setup_py']
[0.373s] Level 1:colcon.colcon_core.package_identification:_identify(src) by extension 'python_setup_py'
[0.373s] Level 1:colcon.colcon_core.package_identification:_identify(src/webots_demo) by extensions ['ignore', 'ignore_ament_install']
[0.373s] Level 1:colcon.colcon_core.package_identification:_identify(src/webots_demo) by extension 'ignore'
[0.373s] Level 1:colcon.colcon_core.package_identification:_identify(src/webots_demo) by extension 'ignore_ament_install'
[0.373s] Level 1:colcon.colcon_core.package_identification:_identify(src/webots_demo) by extensions ['colcon_pkg']
[0.373s] Level 1:colcon.colcon_core.package_identification:_identify(src/webots_demo) by extension 'colcon_pkg'
[0.373s] Level 1:colcon.colcon_core.package_identification:_identify(src/webots_demo) by extensions ['colcon_meta']
[0.373s] Level 1:colcon.colcon_core.package_identification:_identify(src/webots_demo) by extension 'colcon_meta'
[0.374s] Level 1:colcon.colcon_core.package_identification:_identify(src/webots_demo) by extensions ['ros']
[0.374s] Level 1:colcon.colcon_core.package_identification:_identify(src/webots_demo) by extension 'ros'
[0.377s] DEBUG:colcon.colcon_core.package_identification:Package 'src/webots_demo' with type 'ros.ament_python' and name 'webots_demo'
[0.377s] Level 1:colcon.colcon_core.package_discovery:discover_packages(recursive) using defaults
[0.377s] Level 1:colcon.colcon_core.package_discovery:discover_packages(ignore) discover
[0.377s] Level 1:colcon.colcon_core.package_discovery:discover_packages(ignore) using defaults
[0.377s] Level 1:colcon.colcon_core.package_discovery:discover_packages(path) discover
[0.377s] Level 1:colcon.colcon_core.package_discovery:discover_packages(path) using defaults
[0.414s] Level 1:colcon.colcon_core.package_discovery:discover_packages(prefix_path) check parameters
[0.415s] Level 1:colcon.colcon_core.package_discovery:discover_packages(prefix_path) discover
[0.416s] WARNING:colcon.colcon_ros.prefix_path.ament:The path '/home/dsh/Documents/work_logs/1_3二维码定位/code/ros2_publishers_ws/install/webots_demo' in the environment variable AMENT_PREFIX_PATH doesn't exist
[0.417s] DEBUG:colcon.colcon_installed_package_information.package_discovery:Found 0 installed packages in /home/dsh/Documents/work_logs/1_3二维码定位/code/ros2_publishers_ws/install
[0.419s] DEBUG:colcon.colcon_installed_package_information.package_discovery:Found 362 installed packages in /opt/ros/humble
[0.421s] Level 1:colcon.colcon_core.package_discovery:discover_packages(prefix_path) using defaults
[0.482s] Level 5:colcon.colcon_core.verb:set package 'webots_demo' build argument 'cmake_args' from command line to 'None'
[0.482s] Level 5:colcon.colcon_core.verb:set package 'webots_demo' build argument 'cmake_target' from command line to 'None'
[0.482s] Level 5:colcon.colcon_core.verb:set package 'webots_demo' build argument 'cmake_target_skip_unavailable' from command line to 'False'
[0.482s] Level 5:colcon.colcon_core.verb:set package 'webots_demo' build argument 'cmake_clean_cache' from command line to 'False'
[0.482s] Level 5:colcon.colcon_core.verb:set package 'webots_demo' build argument 'cmake_clean_first' from command line to 'False'
[0.482s] Level 5:colcon.colcon_core.verb:set package 'webots_demo' build argument 'cmake_force_configure' from command line to 'False'
[0.482s] Level 5:colcon.colcon_core.verb:set package 'webots_demo' build argument 'ament_cmake_args' from command line to 'None'
[0.482s] Level 5:colcon.colcon_core.verb:set package 'webots_demo' build argument 'catkin_cmake_args' from command line to 'None'
[0.482s] Level 5:colcon.colcon_core.verb:set package 'webots_demo' build argument 'catkin_skip_building_tests' from command line to 'False'
[0.483s] DEBUG:colcon.colcon_core.verb:Building package 'webots_demo' with the following arguments: {'ament_cmake_args': None, 'build_base': '/home/dsh/Documents/work_logs/1_3二维码定位/code/ros2_publishers_ws/build/webots_demo', 'catkin_cmake_args': None, 'catkin_skip_building_tests': False, 'cmake_args': None, 'cmake_clean_cache': False, 'cmake_clean_first': False, 'cmake_force_configure': False, 'cmake_target': None, 'cmake_target_skip_unavailable': False, 'install_base': '/home/dsh/Documents/work_logs/1_3二维码定位/code/ros2_publishers_ws/install/webots_demo', 'merge_install': False, 'path': '/home/dsh/Documents/work_logs/1_3二维码定位/code/ros2_publishers_ws/src/webots_demo', 'symlink_install': False, 'test_result_base': None}
[0.483s] INFO:colcon.colcon_core.executor:Executing jobs using 'parallel' executor
[0.484s] DEBUG:colcon.colcon_parallel_executor.executor.parallel:run_until_complete
[0.485s] INFO:colcon.colcon_ros.task.ament_python.build:Building ROS package in '/home/dsh/Documents/work_logs/1_3二维码定位/code/ros2_publishers_ws/src/webots_demo' with build type 'ament_python'
[0.485s] Level 1:colcon.colcon_core.shell:create_environment_hook('webots_demo', 'ament_prefix_path')
[0.488s] INFO:colcon.colcon_core.plugin_system:Skipping extension 'colcon_core.shell.bat': Not used on non-Windows systems
[0.488s] INFO:colcon.colcon_core.shell:Creating environment hook '/home/dsh/Documents/work_logs/1_3二维码定位/code/ros2_publishers_ws/install/webots_demo/share/webots_demo/hook/ament_prefix_path.ps1'
[0.489s] INFO:colcon.colcon_core.shell:Creating environment descriptor '/home/dsh/Documents/work_logs/1_3二维码定位/code/ros2_publishers_ws/install/webots_demo/share/webots_demo/hook/ament_prefix_path.dsv'
[0.490s] INFO:colcon.colcon_core.shell:Creating environment hook '/home/dsh/Documents/work_logs/1_3二维码定位/code/ros2_publishers_ws/install/webots_demo/share/webots_demo/hook/ament_prefix_path.sh'
[0.491s] INFO:colcon.colcon_core.shell:Skip shell extension 'powershell' for command environment: Not usable outside of PowerShell
[0.491s] DEBUG:colcon.colcon_core.shell:Skip shell extension 'dsv' for command environment
[0.826s] INFO:colcon.colcon_core.task.python.build:Building Python package in '/home/dsh/Documents/work_logs/1_3二维码定位/code/ros2_publishers_ws/src/webots_demo'
[0.827s] INFO:colcon.colcon_core.shell:Skip shell extension 'powershell' for command environment: Not usable outside of PowerShell
[0.827s] DEBUG:colcon.colcon_core.shell:Skip shell extension 'dsv' for command environment
[1.280s] DEBUG:colcon.colcon_core.event_handler.log_command:Invoking command in '/home/dsh/Documents/work_logs/1_3二维码定位/code/ros2_publishers_ws/src/webots_demo': PYTHONPATH=/home/dsh/Documents/work_logs/1_3二维码定位/code/ros2_publishers_ws/build/webots_demo/prefix_override:/usr/lib/python3/dist-packages/colcon_core/task/python/colcon_distutils_commands:/home/dsh/Documents/work_logs/1_3二维码定位/code/ros2_publishers_ws/install/webots_demo/lib/python3.10/site-packages:${PYTHONPATH} /usr/bin/python3 -W ignore:setup.py install is deprecated -W ignore:easy_install command is deprecated setup.py egg_info --egg-base ../../build/webots_demo build --build-base /home/dsh/Documents/work_logs/1_3二维码定位/code/ros2_publishers_ws/build/webots_demo/build install --record /home/dsh/Documents/work_logs/1_3二维码定位/code/ros2_publishers_ws/build/webots_demo/install.log --single-version-externally-managed install_data
[1.650s] DEBUG:colcon.colcon_core.event_handler.log_command:Invoked command in '/home/dsh/Documents/work_logs/1_3二维码定位/code/ros2_publishers_ws/src/webots_demo' returned '0': PYTHONPATH=/home/dsh/Documents/work_logs/1_3二维码定位/code/ros2_publishers_ws/build/webots_demo/prefix_override:/usr/lib/python3/dist-packages/colcon_core/task/python/colcon_distutils_commands:/home/dsh/Documents/work_logs/1_3二维码定位/code/ros2_publishers_ws/install/webots_demo/lib/python3.10/site-packages:${PYTHONPATH} /usr/bin/python3 -W ignore:setup.py install is deprecated -W ignore:easy_install command is deprecated setup.py egg_info --egg-base ../../build/webots_demo build --build-base /home/dsh/Documents/work_logs/1_3二维码定位/code/ros2_publishers_ws/build/webots_demo/build install --record /home/dsh/Documents/work_logs/1_3二维码定位/code/ros2_publishers_ws/build/webots_demo/install.log --single-version-externally-managed install_data
[1.652s] Level 1:colcon.colcon_core.environment:checking '/home/dsh/Documents/work_logs/1_3二维码定位/code/ros2_publishers_ws/install/webots_demo' for CMake module files
[1.653s] Level 1:colcon.colcon_core.environment:checking '/home/dsh/Documents/work_logs/1_3二维码定位/code/ros2_publishers_ws/install/webots_demo' for CMake config files
[1.654s] Level 1:colcon.colcon_core.environment:checking '/home/dsh/Documents/work_logs/1_3二维码定位/code/ros2_publishers_ws/install/webots_demo/lib'
[1.654s] Level 1:colcon.colcon_core.environment:checking '/home/dsh/Documents/work_logs/1_3二维码定位/code/ros2_publishers_ws/install/webots_demo/bin'
[1.654s] Level 1:colcon.colcon_core.environment:checking '/home/dsh/Documents/work_logs/1_3二维码定位/code/ros2_publishers_ws/install/webots_demo/lib/pkgconfig/webots_demo.pc'
[1.655s] Level 1:colcon.colcon_core.environment:checking '/home/dsh/Documents/work_logs/1_3二维码定位/code/ros2_publishers_ws/install/webots_demo/lib/python3.10/site-packages'
[1.655s] Level 1:colcon.colcon_core.shell:create_environment_hook('webots_demo', 'pythonpath')
[1.655s] INFO:colcon.colcon_core.shell:Creating environment hook '/home/dsh/Documents/work_logs/1_3二维码定位/code/ros2_publishers_ws/install/webots_demo/share/webots_demo/hook/pythonpath.ps1'
[1.656s] INFO:colcon.colcon_core.shell:Creating environment descriptor '/home/dsh/Documents/work_logs/1_3二维码定位/code/ros2_publishers_ws/install/webots_demo/share/webots_demo/hook/pythonpath.dsv'
[1.656s] INFO:colcon.colcon_core.shell:Creating environment hook '/home/dsh/Documents/work_logs/1_3二维码定位/code/ros2_publishers_ws/install/webots_demo/share/webots_demo/hook/pythonpath.sh'
[1.657s] Level 1:colcon.colcon_core.environment:checking '/home/dsh/Documents/work_logs/1_3二维码定位/code/ros2_publishers_ws/install/webots_demo/bin'
[1.657s] Level 1:colcon.colcon_core.environment:create_environment_scripts_only(webots_demo)
[1.657s] INFO:colcon.colcon_core.shell:Creating package script '/home/dsh/Documents/work_logs/1_3二维码定位/code/ros2_publishers_ws/install/webots_demo/share/webots_demo/package.ps1'
[1.658s] INFO:colcon.colcon_core.shell:Creating package descriptor '/home/dsh/Documents/work_logs/1_3二维码定位/code/ros2_publishers_ws/install/webots_demo/share/webots_demo/package.dsv'
[1.659s] INFO:colcon.colcon_core.shell:Creating package script '/home/dsh/Documents/work_logs/1_3二维码定位/code/ros2_publishers_ws/install/webots_demo/share/webots_demo/package.sh'
[1.660s] INFO:colcon.colcon_core.shell:Creating package script '/home/dsh/Documents/work_logs/1_3二维码定位/code/ros2_publishers_ws/install/webots_demo/share/webots_demo/package.bash'
[1.661s] INFO:colcon.colcon_core.shell:Creating package script '/home/dsh/Documents/work_logs/1_3二维码定位/code/ros2_publishers_ws/install/webots_demo/share/webots_demo/package.zsh'
[1.662s] Level 1:colcon.colcon_core.environment:create_file_with_runtime_dependencies(/home/dsh/Documents/work_logs/1_3二维码定位/code/ros2_publishers_ws/install/webots_demo/share/colcon-core/packages/webots_demo)
[1.662s] DEBUG:colcon.colcon_parallel_executor.executor.parallel:closing loop
[1.663s] DEBUG:colcon.colcon_parallel_executor.executor.parallel:loop closed
[1.663s] DEBUG:colcon.colcon_parallel_executor.executor.parallel:run_until_complete finished with '0'
[1.663s] DEBUG:colcon.colcon_core.event_reactor:joining thread
[1.670s] INFO:colcon.colcon_core.plugin_system:Skipping extension 'colcon_notification.desktop_notification.terminal_notifier': Not used on non-Darwin systems
[1.670s] INFO:colcon.colcon_core.plugin_system:Skipping extension 'colcon_notification.desktop_notification.win32': Not used on non-Windows systems
[1.670s] INFO:colcon.colcon_notification.desktop_notification:Sending desktop notification using 'notify2'
[1.690s] DEBUG:colcon.colcon_core.event_reactor:joined thread
[1.691s] INFO:colcon.colcon_core.shell:Creating prefix script '/home/dsh/Documents/work_logs/1_3二维码定位/code/ros2_publishers_ws/install/local_setup.ps1'
[1.692s] INFO:colcon.colcon_core.shell:Creating prefix util module '/home/dsh/Documents/work_logs/1_3二维码定位/code/ros2_publishers_ws/install/_local_setup_util_ps1.py'
[1.694s] INFO:colcon.colcon_core.shell:Creating prefix chain script '/home/dsh/Documents/work_logs/1_3二维码定位/code/ros2_publishers_ws/install/setup.ps1'
[1.696s] INFO:colcon.colcon_core.shell:Creating prefix script '/home/dsh/Documents/work_logs/1_3二维码定位/code/ros2_publishers_ws/install/local_setup.sh'
[1.697s] INFO:colcon.colcon_core.shell:Creating prefix util module '/home/dsh/Documents/work_logs/1_3二维码定位/code/ros2_publishers_ws/install/_local_setup_util_sh.py'
[1.698s] INFO:colcon.colcon_core.shell:Creating prefix chain script '/home/dsh/Documents/work_logs/1_3二维码定位/code/ros2_publishers_ws/install/setup.sh'
[1.699s] INFO:colcon.colcon_core.shell:Creating prefix script '/home/dsh/Documents/work_logs/1_3二维码定位/code/ros2_publishers_ws/install/local_setup.bash'
[1.700s] INFO:colcon.colcon_core.shell:Creating prefix chain script '/home/dsh/Documents/work_logs/1_3二维码定位/code/ros2_publishers_ws/install/setup.bash'
[1.701s] INFO:colcon.colcon_core.shell:Creating prefix script '/home/dsh/Documents/work_logs/1_3二维码定位/code/ros2_publishers_ws/install/local_setup.zsh'
[1.702s] INFO:colcon.colcon_core.shell:Creating prefix chain script '/home/dsh/Documents/work_logs/1_3二维码定位/code/ros2_publishers_ws/install/setup.zsh'
