[0.497s] Invoking command in '/home/ljl/ros2_publishers_ws/src/webots_demo': PYTHONPATH=/home/ljl/ros2_publishers_ws/build/webots_demo/prefix_override:/usr/lib/python3/dist-packages/colcon_core/task/python/colcon_distutils_commands:/home/ljl/ros2_publishers_ws/install/webots_demo/lib/python3.10/site-packages:${PYTHONPATH} /usr/bin/python3 -W ignore:setup.py install is deprecated setup.py egg_info --egg-base ../../build/webots_demo build --build-base /home/ljl/ros2_publishers_ws/build/webots_demo/build install --record /home/ljl/ros2_publishers_ws/build/webots_demo/install.log --single-version-externally-managed install_data
[0.683s] running egg_info
[0.683s] writing ../../build/webots_demo/webots_demo.egg-info/PKG-INFO
[0.684s] writing dependency_links to ../../build/webots_demo/webots_demo.egg-info/dependency_links.txt
[0.684s] writing entry points to ../../build/webots_demo/webots_demo.egg-info/entry_points.txt
[0.684s] writing requirements to ../../build/webots_demo/webots_demo.egg-info/requires.txt
[0.684s] writing top-level names to ../../build/webots_demo/webots_demo.egg-info/top_level.txt
[0.685s] reading manifest file '../../build/webots_demo/webots_demo.egg-info/SOURCES.txt'
[0.686s] writing manifest file '../../build/webots_demo/webots_demo.egg-info/SOURCES.txt'
[0.686s] running build
[0.686s] running build_py
[0.686s] running install
[0.686s] running install_lib
[0.687s] running install_data
[0.687s] copying package.xml -> /home/ljl/ros2_publishers_ws/install/webots_demo/share/webots_demo
[0.687s] running install_egg_info
[0.689s] Copying ../../build/webots_demo/webots_demo.egg-info to /home/ljl/ros2_publishers_ws/install/webots_demo/lib/python3.10/site-packages/webots_demo-0.0.0-py3.10.egg-info
[0.689s] running install_scripts
[0.705s] Installing camera_xyz script to /home/ljl/ros2_publishers_ws/install/webots_demo/lib/webots_demo
[0.705s] Installing camera_xyz2 script to /home/ljl/ros2_publishers_ws/install/webots_demo/lib/webots_demo
[0.705s] Installing epuck_scan script to /home/ljl/ros2_publishers_ws/install/webots_demo/lib/webots_demo
[0.705s] Installing random_walk script to /home/ljl/ros2_publishers_ws/install/webots_demo/lib/webots_demo
[0.705s] writing list of installed files to '/home/ljl/ros2_publishers_ws/build/webots_demo/install.log'
[0.728s] Invoked command in '/home/ljl/ros2_publishers_ws/src/webots_demo' returned '0': PYTHONPATH=/home/ljl/ros2_publishers_ws/build/webots_demo/prefix_override:/usr/lib/python3/dist-packages/colcon_core/task/python/colcon_distutils_commands:/home/ljl/ros2_publishers_ws/install/webots_demo/lib/python3.10/site-packages:${PYTHONPATH} /usr/bin/python3 -W ignore:setup.py install is deprecated setup.py egg_info --egg-base ../../build/webots_demo build --build-base /home/ljl/ros2_publishers_ws/build/webots_demo/build install --record /home/ljl/ros2_publishers_ws/build/webots_demo/install.log --single-version-externally-managed install_data
