[0.524s] Invoking command in '/home/ljl/Documents/工作目录/2_1虚拟环境拍照/code/ros2_publishers_ws/src/webots_demo': PYTHONPATH=/home/ljl/Documents/工作目录/2_1虚拟环境拍照/code/ros2_publishers_ws/build/webots_demo/prefix_override:/usr/lib/python3/dist-packages/colcon_core/task/python/colcon_distutils_commands:/home/ljl/Documents/工作目录/2_1虚拟环境拍照/code/ros2_publishers_ws/install/webots_demo/lib/python3.10/site-packages:${PYTHONPATH} /usr/bin/python3 -W ignore:setup.py install is deprecated setup.py egg_info --egg-base ../../build/webots_demo build --build-base /home/ljl/Documents/工作目录/2_1虚拟环境拍照/code/ros2_publishers_ws/build/webots_demo/build install --record /home/ljl/Documents/工作目录/2_1虚拟环境拍照/code/ros2_publishers_ws/build/webots_demo/install.log --single-version-externally-managed install_data
[0.714s] running egg_info
[0.714s] writing ../../build/webots_demo/webots_demo.egg-info/PKG-INFO
[0.715s] writing dependency_links to ../../build/webots_demo/webots_demo.egg-info/dependency_links.txt
[0.715s] writing entry points to ../../build/webots_demo/webots_demo.egg-info/entry_points.txt
[0.715s] writing requirements to ../../build/webots_demo/webots_demo.egg-info/requires.txt
[0.715s] writing top-level names to ../../build/webots_demo/webots_demo.egg-info/top_level.txt
[0.716s] reading manifest file '../../build/webots_demo/webots_demo.egg-info/SOURCES.txt'
[0.717s] writing manifest file '../../build/webots_demo/webots_demo.egg-info/SOURCES.txt'
[0.717s] running build
[0.717s] running build_py
[0.717s] copying webots_demo/photo.py -> /home/ljl/Documents/工作目录/2_1虚拟环境拍照/code/ros2_publishers_ws/build/webots_demo/build/lib/webots_demo
[0.718s] running install
[0.718s] running install_lib
[0.719s] copying /home/ljl/Documents/工作目录/2_1虚拟环境拍照/code/ros2_publishers_ws/build/webots_demo/build/lib/webots_demo/photo.py -> /home/ljl/Documents/工作目录/2_1虚拟环境拍照/code/ros2_publishers_ws/install/webots_demo/lib/python3.10/site-packages/webots_demo
[0.719s] byte-compiling /home/ljl/Documents/工作目录/2_1虚拟环境拍照/code/ros2_publishers_ws/install/webots_demo/lib/python3.10/site-packages/webots_demo/photo.py to photo.cpython-310.pyc
[0.720s] running install_data
[0.720s] running install_egg_info
[0.722s] removing '/home/ljl/Documents/工作目录/2_1虚拟环境拍照/code/ros2_publishers_ws/install/webots_demo/lib/python3.10/site-packages/webots_demo-0.0.0-py3.10.egg-info' (and everything under it)
[0.722s] Copying ../../build/webots_demo/webots_demo.egg-info to /home/ljl/Documents/工作目录/2_1虚拟环境拍照/code/ros2_publishers_ws/install/webots_demo/lib/python3.10/site-packages/webots_demo-0.0.0-py3.10.egg-info
[0.723s] running install_scripts
[0.738s] Installing camera_xyz script to /home/ljl/Documents/工作目录/2_1虚拟环境拍照/code/ros2_publishers_ws/install/webots_demo/lib/webots_demo
[0.739s] Installing camera_xyz2 script to /home/ljl/Documents/工作目录/2_1虚拟环境拍照/code/ros2_publishers_ws/install/webots_demo/lib/webots_demo
[0.739s] Installing epuck_scan script to /home/ljl/Documents/工作目录/2_1虚拟环境拍照/code/ros2_publishers_ws/install/webots_demo/lib/webots_demo
[0.739s] Installing photo script to /home/ljl/Documents/工作目录/2_1虚拟环境拍照/code/ros2_publishers_ws/install/webots_demo/lib/webots_demo
[0.739s] Installing random_walk script to /home/ljl/Documents/工作目录/2_1虚拟环境拍照/code/ros2_publishers_ws/install/webots_demo/lib/webots_demo
[0.739s] writing list of installed files to '/home/ljl/Documents/工作目录/2_1虚拟环境拍照/code/ros2_publishers_ws/build/webots_demo/install.log'
[0.758s] Invoked command in '/home/ljl/Documents/工作目录/2_1虚拟环境拍照/code/ros2_publishers_ws/src/webots_demo' returned '0': PYTHONPATH=/home/ljl/Documents/工作目录/2_1虚拟环境拍照/code/ros2_publishers_ws/build/webots_demo/prefix_override:/usr/lib/python3/dist-packages/colcon_core/task/python/colcon_distutils_commands:/home/ljl/Documents/工作目录/2_1虚拟环境拍照/code/ros2_publishers_ws/install/webots_demo/lib/python3.10/site-packages:${PYTHONPATH} /usr/bin/python3 -W ignore:setup.py install is deprecated setup.py egg_info --egg-base ../../build/webots_demo build --build-base /home/ljl/Documents/工作目录/2_1虚拟环境拍照/code/ros2_publishers_ws/build/webots_demo/build install --record /home/ljl/Documents/工作目录/2_1虚拟环境拍照/code/ros2_publishers_ws/build/webots_demo/install.log --single-version-externally-managed install_data
