running egg_info
creating ../../build/webots_demo/webots_demo.egg-info
writing ../../build/webots_demo/webots_demo.egg-info/PKG-INFO
writing dependency_links to ../../build/webots_demo/webots_demo.egg-info/dependency_links.txt
writing entry points to ../../build/webots_demo/webots_demo.egg-info/entry_points.txt
writing requirements to ../../build/webots_demo/webots_demo.egg-info/requires.txt
writing top-level names to ../../build/webots_demo/webots_demo.egg-info/top_level.txt
writing manifest file '../../build/webots_demo/webots_demo.egg-info/SOURCES.txt'
reading manifest file '../../build/webots_demo/webots_demo.egg-info/SOURCES.txt'
writing manifest file '../../build/webots_demo/webots_demo.egg-info/SOURCES.txt'
running build
running build_py
creating /home/ljl/Documents/工作目录/2_1虚拟环境拍照/code/ros2_publishers_ws/build/webots_demo/build
creating /home/ljl/Documents/工作目录/2_1虚拟环境拍照/code/ros2_publishers_ws/build/webots_demo/build/lib
creating /home/ljl/Documents/工作目录/2_1虚拟环境拍照/code/ros2_publishers_ws/build/webots_demo/build/lib/webots_demo
copying webots_demo/photo.py -> /home/ljl/Documents/工作目录/2_1虚拟环境拍照/code/ros2_publishers_ws/build/webots_demo/build/lib/webots_demo
copying webots_demo/camera_xyz.py -> /home/ljl/Documents/工作目录/2_1虚拟环境拍照/code/ros2_publishers_ws/build/webots_demo/build/lib/webots_demo
copying webots_demo/camera_xyz2.py -> /home/ljl/Documents/工作目录/2_1虚拟环境拍照/code/ros2_publishers_ws/build/webots_demo/build/lib/webots_demo
copying webots_demo/__init__.py -> /home/ljl/Documents/工作目录/2_1虚拟环境拍照/code/ros2_publishers_ws/build/webots_demo/build/lib/webots_demo
copying webots_demo/random_walk.py -> /home/ljl/Documents/工作目录/2_1虚拟环境拍照/code/ros2_publishers_ws/build/webots_demo/build/lib/webots_demo
running install
running install_lib
creating /home/ljl/Documents/工作目录/2_1虚拟环境拍照/code/ros2_publishers_ws/install/webots_demo/lib/python3.10/site-packages/webots_demo
copying /home/ljl/Documents/工作目录/2_1虚拟环境拍照/code/ros2_publishers_ws/build/webots_demo/build/lib/webots_demo/photo.py -> /home/ljl/Documents/工作目录/2_1虚拟环境拍照/code/ros2_publishers_ws/install/webots_demo/lib/python3.10/site-packages/webots_demo
copying /home/ljl/Documents/工作目录/2_1虚拟环境拍照/code/ros2_publishers_ws/build/webots_demo/build/lib/webots_demo/camera_xyz.py -> /home/ljl/Documents/工作目录/2_1虚拟环境拍照/code/ros2_publishers_ws/install/webots_demo/lib/python3.10/site-packages/webots_demo
copying /home/ljl/Documents/工作目录/2_1虚拟环境拍照/code/ros2_publishers_ws/build/webots_demo/build/lib/webots_demo/camera_xyz2.py -> /home/ljl/Documents/工作目录/2_1虚拟环境拍照/code/ros2_publishers_ws/install/webots_demo/lib/python3.10/site-packages/webots_demo
copying /home/ljl/Documents/工作目录/2_1虚拟环境拍照/code/ros2_publishers_ws/build/webots_demo/build/lib/webots_demo/__init__.py -> /home/ljl/Documents/工作目录/2_1虚拟环境拍照/code/ros2_publishers_ws/install/webots_demo/lib/python3.10/site-packages/webots_demo
copying /home/ljl/Documents/工作目录/2_1虚拟环境拍照/code/ros2_publishers_ws/build/webots_demo/build/lib/webots_demo/random_walk.py -> /home/ljl/Documents/工作目录/2_1虚拟环境拍照/code/ros2_publishers_ws/install/webots_demo/lib/python3.10/site-packages/webots_demo
byte-compiling /home/ljl/Documents/工作目录/2_1虚拟环境拍照/code/ros2_publishers_ws/install/webots_demo/lib/python3.10/site-packages/webots_demo/photo.py to photo.cpython-310.pyc
byte-compiling /home/ljl/Documents/工作目录/2_1虚拟环境拍照/code/ros2_publishers_ws/install/webots_demo/lib/python3.10/site-packages/webots_demo/camera_xyz.py to camera_xyz.cpython-310.pyc
byte-compiling /home/ljl/Documents/工作目录/2_1虚拟环境拍照/code/ros2_publishers_ws/install/webots_demo/lib/python3.10/site-packages/webots_demo/camera_xyz2.py to camera_xyz2.cpython-310.pyc
byte-compiling /home/ljl/Documents/工作目录/2_1虚拟环境拍照/code/ros2_publishers_ws/install/webots_demo/lib/python3.10/site-packages/webots_demo/__init__.py to __init__.cpython-310.pyc
byte-compiling /home/ljl/Documents/工作目录/2_1虚拟环境拍照/code/ros2_publishers_ws/install/webots_demo/lib/python3.10/site-packages/webots_demo/random_walk.py to random_walk.cpython-310.pyc
running install_data
copying package.xml -> /home/ljl/Documents/工作目录/2_1虚拟环境拍照/code/ros2_publishers_ws/install/webots_demo/share/webots_demo
creating /home/ljl/Documents/工作目录/2_1虚拟环境拍照/code/ros2_publishers_ws/install/webots_demo/share/ament_index
creating /home/ljl/Documents/工作目录/2_1虚拟环境拍照/code/ros2_publishers_ws/install/webots_demo/share/ament_index/resource_index
creating /home/ljl/Documents/工作目录/2_1虚拟环境拍照/code/ros2_publishers_ws/install/webots_demo/share/ament_index/resource_index/packages
copying resource/webots_demo -> /home/ljl/Documents/工作目录/2_1虚拟环境拍照/code/ros2_publishers_ws/install/webots_demo/share/ament_index/resource_index/packages
running install_egg_info
Copying ../../build/webots_demo/webots_demo.egg-info to /home/ljl/Documents/工作目录/2_1虚拟环境拍照/code/ros2_publishers_ws/install/webots_demo/lib/python3.10/site-packages/webots_demo-0.0.0-py3.10.egg-info
running install_scripts
Installing camera_xyz script to /home/ljl/Documents/工作目录/2_1虚拟环境拍照/code/ros2_publishers_ws/install/webots_demo/lib/webots_demo
Installing camera_xyz2 script to /home/ljl/Documents/工作目录/2_1虚拟环境拍照/code/ros2_publishers_ws/install/webots_demo/lib/webots_demo
Installing epuck_scan script to /home/ljl/Documents/工作目录/2_1虚拟环境拍照/code/ros2_publishers_ws/install/webots_demo/lib/webots_demo
Installing photo script to /home/ljl/Documents/工作目录/2_1虚拟环境拍照/code/ros2_publishers_ws/install/webots_demo/lib/webots_demo
Installing random_walk script to /home/ljl/Documents/工作目录/2_1虚拟环境拍照/code/ros2_publishers_ws/install/webots_demo/lib/webots_demo
writing list of installed files to '/home/ljl/Documents/工作目录/2_1虚拟环境拍照/code/ros2_publishers_ws/build/webots_demo/install.log'
